{"/Users/zeyneptugcetuzsuz/Desktop/instascope/apps/api/src/app.controller.ts": {"path":"/Users/zeyneptugcetuzsuz/Desktop/instascope/apps/api/src/app.controller.ts","statementMap":{"0":{"start":{"line":1,"column":0},"end":{"line":1,"column":49}},"1":{"start":{"line":2,"column":0},"end":{"line":2,"column":43}},"2":{"start":{"line":5,"column":7},"end":{"line":26,"column":null}},"3":{"start":{"line":6,"column":31},"end":{"line":6,"column":43}},"4":{"start":{"line":10,"column":4},"end":{"line":10,"column":38}},"5":{"start":{"line":16,"column":4},"end":{"line":19,"column":6}},"6":{"start":{"line":24,"column":4},"end":{"line":24,"column":50}},"7":{"start":{"line":5,"column":13},"end":{"line":5,"column":26}},"8":{"start":{"line":9,"column":2},"end":{"line":11,"column":null}},"9":{"start":{"line":15,"column":2},"end":{"line":20,"column":null}},"10":{"start":{"line":23,"column":2},"end":{"line":25,"column":null}},"11":{"start":{"line":5,"column":13},"end":{"line":26,"column":null}}},"fnMap":{"0":{"name":"(anonymous_2)","decl":{"start":{"line":6,"column":2},"end":{"line":6,"column":31}},"loc":{"start":{"line":6,"column":53},"end":{"line":6,"column":57}}},"1":{"name":"(anonymous_3)","decl":{"start":{"line":9,"column":2},"end":{"line":9,"column":10}},"loc":{"start":{"line":9,"column":10},"end":{"line":11,"column":3}}},"2":{"name":"(anonymous_4)","decl":{"start":{"line":15,"column":2},"end":{"line":15,"column":11}},"loc":{"start":{"line":15,"column":11},"end":{"line":20,"column":3}}},"3":{"name":"(anonymous_5)","decl":{"start":{"line":23,"column":2},"end":{"line":23,"column":12}},"loc":{"start":{"line":23,"column":12},"end":{"line":25,"column":3}}}},"branchMap":{},"s":{"0":4,"1":4,"2":4,"3":4,"4":0,"5":0,"6":1,"7":4,"8":4,"9":4,"10":4,"11":4},"f":{"0":4,"1":0,"2":0,"3":1},"b":{}}
,"/Users/zeyneptugcetuzsuz/Desktop/instascope/apps/api/src/app.service.ts": {"path":"/Users/zeyneptugcetuzsuz/Desktop/instascope/apps/api/src/app.service.ts","statementMap":{"0":{"start":{"line":1,"column":0},"end":{"line":1,"column":44}},"1":{"start":{"line":4,"column":7},"end":{"line":8,"column":null}},"2":{"start":{"line":6,"column":4},"end":{"line":6,"column":26}},"3":{"start":{"line":4,"column":13},"end":{"line":4,"column":23}},"4":{"start":{"line":4,"column":13},"end":{"line":8,"column":null}}},"fnMap":{"0":{"name":"(anonymous_1)","decl":{"start":{"line":5,"column":2},"end":{"line":5,"column":10}},"loc":{"start":{"line":5,"column":10},"end":{"line":7,"column":3}}}},"branchMap":{},"s":{"0":4,"1":4,"2":0,"3":4,"4":4},"f":{"0":0},"b":{}}
,"/Users/zeyneptugcetuzsuz/Desktop/instascope/apps/api/src/accounts/accounts.controller.ts": {"path":"/Users/zeyneptugcetuzsuz/Desktop/instascope/apps/api/src/accounts/accounts.controller.ts","statementMap":{"0":{"start":{"line":1,"column":0},"end":{"line":1,"column":null}},"1":{"start":{"line":13,"column":0},"end":{"line":13,"column":53}},"2":{"start":{"line":14,"column":0},"end":{"line":14,"column":60}},"3":{"start":{"line":15,"column":0},"end":{"line":15,"column":60}},"4":{"start":{"line":16,"column":0},"end":{"line":16,"column":54}},"5":{"start":{"line":17,"column":0},"end":{"line":17,"column":57}},"6":{"start":{"line":18,"column":0},"end":{"line":18,"column":61}},"7":{"start":{"line":19,"column":0},"end":{"line":19,"column":56}},"8":{"start":{"line":20,"column":0},"end":{"line":20,"column":59}},"9":{"start":{"line":21,"column":0},"end":{"line":21,"column":38}},"10":{"start":{"line":28,"column":7},"end":{"line":104,"column":null}},"11":{"start":{"line":29,"column":31},"end":{"line":29,"column":48}},"12":{"start":{"line":34,"column":4},"end":{"line":34,"column":57}},"13":{"start":{"line":42,"column":4},"end":{"line":42,"column":42}},"14":{"start":{"line":48,"column":4},"end":{"line":48,"column":44}},"15":{"start":{"line":54,"column":4},"end":{"line":54,"column":54}},"16":{"start":{"line":60,"column":4},"end":{"line":60,"column":59}},"17":{"start":{"line":71,"column":4},"end":{"line":71,"column":61}},"18":{"start":{"line":80,"column":4},"end":{"line":80,"column":58}},"19":{"start":{"line":89,"column":4},"end":{"line":89,"column":55}},"20":{"start":{"line":97,"column":4},"end":{"line":97,"column":43}},"21":{"start":{"line":102,"column":4},"end":{"line":102,"column":49}},"22":{"start":{"line":28,"column":13},"end":{"line":28,"column":31}},"23":{"start":{"line":33,"column":2},"end":{"line":35,"column":null}},"24":{"start":{"line":41,"column":2},"end":{"line":43,"column":null}},"25":{"start":{"line":47,"column":2},"end":{"line":49,"column":null}},"26":{"start":{"line":53,"column":2},"end":{"line":55,"column":null}},"27":{"start":{"line":59,"column":2},"end":{"line":61,"column":null}},"28":{"start":{"line":67,"column":2},"end":{"line":72,"column":null}},"29":{"start":{"line":79,"column":2},"end":{"line":81,"column":null}},"30":{"start":{"line":88,"column":2},"end":{"line":90,"column":null}},"31":{"start":{"line":96,"column":2},"end":{"line":98,"column":null}},"32":{"start":{"line":101,"column":8},"end":{"line":103,"column":null}},"33":{"start":{"line":28,"column":13},"end":{"line":104,"column":null}}},"fnMap":{"0":{"name":"(anonymous_4)","decl":{"start":{"line":29,"column":2},"end":{"line":29,"column":31}},"loc":{"start":{"line":29,"column":63},"end":{"line":29,"column":67}}},"1":{"name":"(anonymous_5)","decl":{"start":{"line":33,"column":2},"end":{"line":33,"column":8}},"loc":{"start":{"line":33,"column":51},"end":{"line":35,"column":3}}},"2":{"name":"(anonymous_6)","decl":{"start":{"line":41,"column":2},"end":{"line":41,"column":9}},"loc":{"start":{"line":41,"column":9},"end":{"line":43,"column":3}}},"3":{"name":"(anonymous_7)","decl":{"start":{"line":47,"column":2},"end":{"line":47,"column":9}},"loc":{"start":{"line":47,"column":33},"end":{"line":49,"column":3}}},"4":{"name":"(anonymous_8)","decl":{"start":{"line":53,"column":2},"end":{"line":53,"column":19}},"loc":{"start":{"line":53,"column":43},"end":{"line":55,"column":3}}},"5":{"name":"(anonymous_9)","decl":{"start":{"line":59,"column":2},"end":{"line":59,"column":17}},"loc":{"start":{"line":59,"column":72},"end":{"line":61,"column":3}}},"6":{"name":"(anonymous_10)","decl":{"start":{"line":67,"column":2},"end":{"line":67,"column":20}},"loc":{"start":{"line":69,"column":36},"end":{"line":72,"column":3}}},"7":{"name":"(anonymous_11)","decl":{"start":{"line":79,"column":2},"end":{"line":79,"column":23}},"loc":{"start":{"line":79,"column":47},"end":{"line":81,"column":3}}},"8":{"name":"(anonymous_12)","decl":{"start":{"line":88,"column":2},"end":{"line":88,"column":20}},"loc":{"start":{"line":88,"column":44},"end":{"line":90,"column":3}}},"9":{"name":"(anonymous_13)","decl":{"start":{"line":96,"column":2},"end":{"line":96,"column":8}},"loc":{"start":{"line":96,"column":32},"end":{"line":98,"column":3}}},"10":{"name":"(anonymous_14)","decl":{"start":{"line":101,"column":2},"end":{"line":101,"column":7}},"loc":{"start":{"line":101,"column":44},"end":{"line":103,"column":3}}}},"branchMap":{},"s":{"0":4,"1":4,"2":4,"3":4,"4":4,"5":4,"6":4,"7":4,"8":4,"9":4,"10":4,"11":4,"12":1,"13":1,"14":0,"15":0,"16":0,"17":1,"18":3,"19":0,"20":1,"21":0,"22":4,"23":4,"24":4,"25":4,"26":4,"27":4,"28":4,"29":4,"30":4,"31":4,"32":4,"33":4},"f":{"0":4,"1":1,"2":1,"3":0,"4":0,"5":0,"6":1,"7":3,"8":0,"9":1,"10":0},"b":{}}
,"/Users/zeyneptugcetuzsuz/Desktop/instascope/apps/api/src/accounts/accounts.service.ts": {"path":"/Users/zeyneptugcetuzsuz/Desktop/instascope/apps/api/src/accounts/accounts.service.ts","statementMap":{"0":{"start":{"line":1,"column":0},"end":{"line":1,"column":63}},"1":{"start":{"line":2,"column":0},"end":{"line":2,"column":45}},"2":{"start":{"line":3,"column":0},"end":{"line":3,"column":31}},"3":{"start":{"line":4,"column":0},"end":{"line":4,"column":40}},"4":{"start":{"line":5,"column":0},"end":{"line":5,"column":57}},"5":{"start":{"line":10,"column":0},"end":{"line":10,"column":54}},"6":{"start":{"line":17,"column":53},"end":{"line":21,"column":2}},"7":{"start":{"line":25,"column":60},"end":{"line":29,"column":2}},"8":{"start":{"line":31,"column":7},"end":{"line":382,"column":null}},"9":{"start":{"line":33,"column":21},"end":{"line":33,"column":29}},"10":{"start":{"line":34,"column":45},"end":{"line":34,"column":59}},"11":{"start":{"line":35,"column":21},"end":{"line":35,"column":35}},"12":{"start":{"line":39,"column":20},"end":{"line":46,"column":6}},"13":{"start":{"line":48,"column":4},"end":{"line":57,"column":6}},"14":{"start":{"line":59,"column":4},"end":{"line":59,"column":19}},"15":{"start":{"line":63,"column":4},"end":{"line":63,"column":49}},"16":{"start":{"line":67,"column":20},"end":{"line":69,"column":6}},"17":{"start":{"line":70,"column":4},"end":{"line":72,"column":5}},"18":{"start":{"line":71,"column":6},"end":{"line":71,"column":54}},"19":{"start":{"line":73,"column":4},"end":{"line":73,"column":19}},"20":{"start":{"line":77,"column":4},"end":{"line":77,"column":34}},"21":{"start":{"line":79,"column":4},"end":{"line":82,"column":7}},"22":{"start":{"line":87,"column":4},"end":{"line":87,"column":34}},"23":{"start":{"line":89,"column":85},"end":{"line":89,"column":90}},"24":{"start":{"line":91,"column":17},"end":{"line":91,"column":26}},"25":{"start":{"line":94,"column":21},"end":{"line":96,"column":null}},"26":{"start":{"line":99,"column":55},"end":{"line":99,"column":57}},"27":{"start":{"line":100,"column":4},"end":{"line":104,"column":5}},"28":{"start":{"line":101,"column":6},"end":{"line":101,"column":63}},"29":{"start":{"line":103,"column":6},"end":{"line":103,"column":40}},"30":{"start":{"line":106,"column":18},"end":{"line":118,"column":null}},"31":{"start":{"line":121,"column":36},"end":{"line":121,"column":40}},"32":{"start":{"line":122,"column":4},"end":{"line":125,"column":5}},"33":{"start":{"line":123,"column":23},"end":{"line":123,"column":34}},"34":{"start":{"line":124,"column":6},"end":{"line":124,"column":40}},"35":{"start":{"line":127,"column":4},"end":{"line":133,"column":6}},"36":{"start":{"line":137,"column":4},"end":{"line":137,"column":27}},"37":{"start":{"line":140,"column":4},"end":{"line":140,"column":66}},"38":{"start":{"line":142,"column":4},"end":{"line":152,"column":5}},"39":{"start":{"line":143,"column":29},"end":{"line":143,"column":72}},"40":{"start":{"line":144,"column":26},"end":{"line":145,"column":null}},"41":{"start":{"line":145,"column":17},"end":{"line":145,"column":43}},"42":{"start":{"line":147,"column":6},"end":{"line":149,"column":7}},"43":{"start":{"line":148,"column":8},"end":{"line":148,"column":71}},"44":{"start":{"line":151,"column":6},"end":{"line":151,"column":71}},"45":{"start":{"line":154,"column":4},"end":{"line":164,"column":5}},"46":{"start":{"line":155,"column":6},"end":{"line":155,"column":72}},"47":{"start":{"line":157,"column":6},"end":{"line":162,"column":7}},"48":{"start":{"line":161,"column":8},"end":{"line":161,"column":56}},"49":{"start":{"line":163,"column":6},"end":{"line":163,"column":14}},"50":{"start":{"line":171,"column":2},"end":{"line":171,"column":32}},"51":{"start":{"line":174,"column":19},"end":{"line":174,"column":51}},"52":{"start":{"line":175,"column":17},"end":{"line":175,"column":79}},"53":{"start":{"line":176,"column":2},"end":{"line":179,"column":3}},"54":{"start":{"line":177,"column":4},"end":{"line":177,"column":48}},"55":{"start":{"line":178,"column":4},"end":{"line":178,"column":18}},"56":{"start":{"line":180,"column":2},"end":{"line":180,"column":47}},"57":{"start":{"line":182,"column":15},"end":{"line":182,"column":35}},"58":{"start":{"line":183,"column":20},"end":{"line":183,"column":30}},"59":{"start":{"line":184,"column":2},"end":{"line":184,"column":48}},"60":{"start":{"line":187,"column":4},"end":{"line":208,"column":6}},"61":{"start":{"line":210,"column":25},"end":{"line":210,"column":55}},"62":{"start":{"line":211,"column":23},"end":{"line":211,"column":64}},"63":{"start":{"line":212,"column":25},"end":{"line":212,"column":54}},"64":{"start":{"line":214,"column":4},"end":{"line":216,"column":9}},"65":{"start":{"line":218,"column":23},"end":{"line":218,"column":66}},"66":{"start":{"line":220,"column":42},"end":{"line":236,"column":4}},"67":{"start":{"line":239,"column":2},"end":{"line":239,"column":77}},"68":{"start":{"line":241,"column":2},"end":{"line":241,"column":16}},"69":{"start":{"line":248,"column":4},"end":{"line":248,"column":34}},"70":{"start":{"line":250,"column":18},"end":{"line":254,"column":6}},"71":{"start":{"line":256,"column":26},"end":{"line":258,"column":null}},"72":{"start":{"line":257,"column":18},"end":{"line":257,"column":57}},"73":{"start":{"line":257,"column":51},"end":{"line":257,"column":55}},"74":{"start":{"line":261,"column":4},"end":{"line":273,"column":5}},"75":{"start":{"line":262,"column":6},"end":{"line":272,"column":10}},"76":{"start":{"line":262,"column":34},"end":{"line":272,"column":8}},"77":{"start":{"line":275,"column":28},"end":{"line":281,"column":6}},"78":{"start":{"line":283,"column":52},"end":{"line":287,"column":6}},"79":{"start":{"line":288,"column":29},"end":{"line":288,"column":62}},"80":{"start":{"line":289,"column":4},"end":{"line":294,"column":5}},"81":{"start":{"line":290,"column":22},"end":{"line":290,"column":58}},"82":{"start":{"line":291,"column":6},"end":{"line":293,"column":7}},"83":{"start":{"line":292,"column":8},"end":{"line":292,"column":80}},"84":{"start":{"line":296,"column":4},"end":{"line":331,"column":7}},"85":{"start":{"line":297,"column":53},"end":{"line":301,"column":8}},"86":{"start":{"line":303,"column":26},"end":{"line":303,"column":27}},"87":{"start":{"line":304,"column":6},"end":{"line":310,"column":7}},"88":{"start":{"line":305,"column":22},"end":{"line":305,"column":54}},"89":{"start":{"line":306,"column":8},"end":{"line":309,"column":9}},"90":{"start":{"line":307,"column":10},"end":{"line":307,"column":29}},"91":{"start":{"line":308,"column":10},"end":{"line":308,"column":29}},"92":{"start":{"line":312,"column":31},"end":{"line":318,"column":8}},"93":{"start":{"line":312,"column":51},"end":{"line":318,"column":8}},"94":{"start":{"line":320,"column":6},"end":{"line":330,"column":8}},"95":{"start":{"line":336,"column":4},"end":{"line":336,"column":34}},"96":{"start":{"line":338,"column":27},"end":{"line":344,"column":6}},"97":{"start":{"line":346,"column":4},"end":{"line":348,"column":5}},"98":{"start":{"line":347,"column":6},"end":{"line":347,"column":16}},"99":{"start":{"line":350,"column":20},"end":{"line":350,"column":49}},"100":{"start":{"line":351,"column":22},"end":{"line":351,"column":73}},"101":{"start":{"line":354,"column":24},"end":{"line":354,"column":79}},"102":{"start":{"line":354,"column":58},"end":{"line":354,"column":78}},"103":{"start":{"line":356,"column":4},"end":{"line":360,"column":8}},"104":{"start":{"line":356,"column":42},"end":{"line":360,"column":7}},"105":{"start":{"line":364,"column":4},"end":{"line":364,"column":34}},"106":{"start":{"line":366,"column":27},"end":{"line":374,"column":6}},"107":{"start":{"line":376,"column":4},"end":{"line":378,"column":5}},"108":{"start":{"line":377,"column":6},"end":{"line":377,"column":77}},"109":{"start":{"line":380,"column":4},"end":{"line":380,"column":34}},"110":{"start":{"line":31,"column":13},"end":{"line":31,"column":28}},"111":{"start":{"line":31,"column":13},"end":{"line":382,"column":null}}},"fnMap":{"0":{"name":"(anonymous_4)","decl":{"start":{"line":32,"column":2},"end":{"line":32,"column":null}},"loc":{"start":{"line":35,"column":47},"end":{"line":36,"column":6}}},"1":{"name":"(anonymous_5)","decl":{"start":{"line":38,"column":2},"end":{"line":38,"column":7}},"loc":{"start":{"line":38,"column":36},"end":{"line":60,"column":3}}},"2":{"name":"(anonymous_6)","decl":{"start":{"line":62,"column":2},"end":{"line":62,"column":7}},"loc":{"start":{"line":62,"column":15},"end":{"line":64,"column":3}}},"3":{"name":"(anonymous_7)","decl":{"start":{"line":66,"column":2},"end":{"line":66,"column":7}},"loc":{"start":{"line":66,"column":26},"end":{"line":74,"column":3}}},"4":{"name":"(anonymous_8)","decl":{"start":{"line":76,"column":2},"end":{"line":76,"column":7}},"loc":{"start":{"line":76,"column":43},"end":{"line":83,"column":3}}},"5":{"name":"(anonymous_9)","decl":{"start":{"line":86,"column":2},"end":{"line":86,"column":7}},"loc":{"start":{"line":86,"column":63},"end":{"line":134,"column":3}}},"6":{"name":"(anonymous_10)","decl":{"start":{"line":136,"column":2},"end":{"line":136,"column":7}},"loc":{"start":{"line":136,"column":25},"end":{"line":165,"column":3}}},"7":{"name":"(anonymous_11)","decl":{"start":{"line":145,"column":8},"end":{"line":145,"column":9}},"loc":{"start":{"line":145,"column":17},"end":{"line":145,"column":43}}},"8":{"name":"(anonymous_12)","decl":{"start":{"line":167,"column":2},"end":{"line":167,"column":7}},"loc":{"start":{"line":169,"column":30},"end":{"line":242,"column":1}}},"9":{"name":"(anonymous_13)","decl":{"start":{"line":245,"column":2},"end":{"line":245,"column":7}},"loc":{"start":{"line":246,"column":21},"end":{"line":332,"column":3}}},"10":{"name":"(anonymous_14)","decl":{"start":{"line":257,"column":6},"end":{"line":257,"column":7}},"loc":{"start":{"line":257,"column":18},"end":{"line":257,"column":57}}},"11":{"name":"(anonymous_15)","decl":{"start":{"line":257,"column":44},"end":{"line":257,"column":45}},"loc":{"start":{"line":257,"column":51},"end":{"line":257,"column":55}}},"12":{"name":"(anonymous_16)","decl":{"start":{"line":262,"column":23},"end":{"line":262,"column":24}},"loc":{"start":{"line":262,"column":34},"end":{"line":272,"column":8}}},"13":{"name":"(anonymous_17)","decl":{"start":{"line":296,"column":21},"end":{"line":296,"column":22}},"loc":{"start":{"line":296,"column":30},"end":{"line":331,"column":5}}},"14":{"name":"(anonymous_18)","decl":{"start":{"line":312,"column":31},"end":{"line":312,"column":32}},"loc":{"start":{"line":312,"column":51},"end":{"line":318,"column":8}}},"15":{"name":"(anonymous_19)","decl":{"start":{"line":335,"column":2},"end":{"line":335,"column":7}},"loc":{"start":{"line":335,"column":44},"end":{"line":361,"column":3}}},"16":{"name":"(anonymous_20)","decl":{"start":{"line":354,"column":42},"end":{"line":354,"column":43}},"loc":{"start":{"line":354,"column":58},"end":{"line":354,"column":78}}},"17":{"name":"(anonymous_21)","decl":{"start":{"line":356,"column":27},"end":{"line":356,"column":28}},"loc":{"start":{"line":356,"column":41},"end":{"line":360,"column":7}}},"18":{"name":"(anonymous_22)","decl":{"start":{"line":363,"column":2},"end":{"line":363,"column":7}},"loc":{"start":{"line":363,"column":38},"end":{"line":381,"column":3}}}},"branchMap":{"0":{"loc":{"start":{"line":43,"column":22},"end":{"line":43,"column":77}},"type":"cond-expr","locations":[{"start":{"line":43,"column":50},"end":{"line":43,"column":61}},{"start":{"line":43,"column":64},"end":{"line":43,"column":77}}]},"1":{"loc":{"start":{"line":53,"column":19},"end":{"line":53,"column":56}},"type":"binary-expr","locations":[{"start":{"line":53,"column":19},"end":{"line":53,"column":39}},{"start":{"line":53,"column":43},"end":{"line":53,"column":56}}]},"2":{"loc":{"start":{"line":70,"column":4},"end":{"line":72,"column":5}},"type":"if","locations":[{"start":{"line":70,"column":4},"end":{"line":72,"column":5}}]},"3":{"loc":{"start":{"line":89,"column":20},"end":{"line":89,"column":30}},"type":"default-arg","locations":[{"start":{"line":89,"column":28},"end":{"line":89,"column":30}}]},"4":{"loc":{"start":{"line":89,"column":32},"end":{"line":89,"column":47}},"type":"default-arg","locations":[{"start":{"line":89,"column":41},"end":{"line":89,"column":47}}]},"5":{"loc":{"start":{"line":89,"column":49},"end":{"line":89,"column":67}},"type":"default-arg","locations":[{"start":{"line":89,"column":61},"end":{"line":89,"column":67}}]},"6":{"loc":{"start":{"line":96,"column":10},"end":{"line":96,"column":50}},"type":"cond-expr","locations":[{"start":{"line":96,"column":24},"end":{"line":96,"column":45}},{"start":{"line":96,"column":48},"end":{"line":96,"column":50}}]},"7":{"loc":{"start":{"line":100,"column":4},"end":{"line":104,"column":5}},"type":"if","locations":[{"start":{"line":100,"column":4},"end":{"line":104,"column":5}},{"start":{"line":102,"column":11},"end":{"line":104,"column":5}}]},"8":{"loc":{"start":{"line":109,"column":10},"end":{"line":114,"column":12}},"type":"cond-expr","locations":[{"start":{"line":110,"column":10},"end":{"line":113,"column":null}},{"start":{"line":114,"column":10},"end":{"line":114,"column":12}}]},"9":{"loc":{"start":{"line":122,"column":4},"end":{"line":125,"column":5}},"type":"if","locations":[{"start":{"line":122,"column":4},"end":{"line":125,"column":5}}]},"10":{"loc":{"start":{"line":124,"column":19},"end":{"line":124,"column":39}},"type":"cond-expr","locations":[{"start":{"line":124,"column":31},"end":{"line":124,"column":35}},{"start":{"line":124,"column":35},"end":{"line":124,"column":39}}]},"11":{"loc":{"start":{"line":124,"column":19},"end":{"line":124,"column":35}},"type":"binary-expr","locations":[{"start":{"line":124,"column":19},"end":{"line":124,"column":35}},{"start":{"line":124,"column":31},"end":{"line":124,"column":35}}]},"12":{"loc":{"start":{"line":124,"column":19},"end":{"line":124,"column":31}},"type":"cond-expr","locations":[{"start":{"line":124,"column":27},"end":{"line":124,"column":29}},{"start":{"line":124,"column":19},"end":{"line":124,"column":31}}]},"13":{"loc":{"start":{"line":124,"column":19},"end":{"line":124,"column":29}},"type":"binary-expr","locations":[{"start":{"line":124,"column":19},"end":{"line":124,"column":29}},{"start":{"line":124,"column":19},"end":{"line":124,"column":29}}]},"14":{"loc":{"start":{"line":147,"column":6},"end":{"line":149,"column":7}},"type":"if","locations":[{"start":{"line":147,"column":6},"end":{"line":149,"column":7}}]},"15":{"loc":{"start":{"line":157,"column":6},"end":{"line":162,"column":7}},"type":"if","locations":[{"start":{"line":157,"column":6},"end":{"line":162,"column":7}}]},"16":{"loc":{"start":{"line":158,"column":8},"end":{"line":159,"column":26}},"type":"binary-expr","locations":[{"start":{"line":158,"column":8},"end":{"line":158,"column":57}},{"start":{"line":159,"column":8},"end":{"line":159,"column":26}}]},"17":{"loc":{"start":{"line":169,"column":2},"end":{"line":169,"column":30}},"type":"default-arg","locations":[{"start":{"line":169,"column":25},"end":{"line":169,"column":30}}]},"18":{"loc":{"start":{"line":176,"column":2},"end":{"line":179,"column":3}},"type":"if","locations":[{"start":{"line":176,"column":2},"end":{"line":179,"column":3}}]},"19":{"loc":{"start":{"line":210,"column":25},"end":{"line":210,"column":55}},"type":"cond-expr","locations":[{"start":{"line":210,"column":50},"end":{"line":210,"column":54}},{"start":{"line":210,"column":54},"end":{"line":210,"column":55}}]},"20":{"loc":{"start":{"line":210,"column":25},"end":{"line":210,"column":54}},"type":"binary-expr","locations":[{"start":{"line":210,"column":25},"end":{"line":210,"column":54}},{"start":{"line":210,"column":50},"end":{"line":210,"column":54}}]},"21":{"loc":{"start":{"line":210,"column":25},"end":{"line":210,"column":50}},"type":"cond-expr","locations":[{"start":{"line":210,"column":39},"end":{"line":210,"column":41}},{"start":{"line":210,"column":25},"end":{"line":210,"column":50}}]},"22":{"loc":{"start":{"line":210,"column":25},"end":{"line":210,"column":41}},"type":"binary-expr","locations":[{"start":{"line":210,"column":25},"end":{"line":210,"column":41}},{"start":{"line":210,"column":25},"end":{"line":210,"column":41}}]},"23":{"loc":{"start":{"line":211,"column":23},"end":{"line":211,"column":64}},"type":"cond-expr","locations":[{"start":{"line":211,"column":46},"end":{"line":211,"column":50}},{"start":{"line":211,"column":50},"end":{"line":211,"column":64}}]},"24":{"loc":{"start":{"line":211,"column":23},"end":{"line":211,"column":50}},"type":"binary-expr","locations":[{"start":{"line":211,"column":23},"end":{"line":211,"column":50}},{"start":{"line":211,"column":46},"end":{"line":211,"column":50}}]},"25":{"loc":{"start":{"line":211,"column":23},"end":{"line":211,"column":46}},"type":"cond-expr","locations":[{"start":{"line":211,"column":35},"end":{"line":211,"column":37}},{"start":{"line":211,"column":23},"end":{"line":211,"column":46}}]},"26":{"loc":{"start":{"line":211,"column":23},"end":{"line":211,"column":37}},"type":"binary-expr","locations":[{"start":{"line":211,"column":23},"end":{"line":211,"column":37}},{"start":{"line":211,"column":23},"end":{"line":211,"column":37}}]},"27":{"loc":{"start":{"line":214,"column":4},"end":{"line":216,"column":9}},"type":"cond-expr","locations":[{"start":{"line":215,"column":8},"end":{"line":215,"column":68}},{"start":{"line":216,"column":8},"end":{"line":216,"column":9}}]},"28":{"loc":{"start":{"line":230,"column":7},"end":{"line":230,"column":45}},"type":"cond-expr","locations":[{"start":{"line":230,"column":40},"end":{"line":230,"column":44}},{"start":{"line":230,"column":44},"end":{"line":230,"column":45}}]},"29":{"loc":{"start":{"line":230,"column":7},"end":{"line":230,"column":44}},"type":"binary-expr","locations":[{"start":{"line":230,"column":7},"end":{"line":230,"column":44}},{"start":{"line":230,"column":40},"end":{"line":230,"column":44}}]},"30":{"loc":{"start":{"line":261,"column":4},"end":{"line":273,"column":5}},"type":"if","locations":[{"start":{"line":261,"column":4},"end":{"line":273,"column":5}}]},"31":{"loc":{"start":{"line":291,"column":6},"end":{"line":293,"column":7}},"type":"if","locations":[{"start":{"line":291,"column":6},"end":{"line":293,"column":7}}]},"32":{"loc":{"start":{"line":291,"column":10},"end":{"line":291,"column":82}},"type":"binary-expr","locations":[{"start":{"line":291,"column":10},"end":{"line":291,"column":24}},{"start":{"line":291,"column":28},"end":{"line":291,"column":82}}]},"33":{"loc":{"start":{"line":291,"column":10},"end":{"line":291,"column":24}},"type":"cond-expr","locations":[{"start":{"line":291,"column":17},"end":{"line":291,"column":19}},{"start":{"line":291,"column":10},"end":{"line":291,"column":24}}]},"34":{"loc":{"start":{"line":291,"column":10},"end":{"line":291,"column":19}},"type":"binary-expr","locations":[{"start":{"line":291,"column":10},"end":{"line":291,"column":19}},{"start":{"line":291,"column":10},"end":{"line":291,"column":19}}]},"35":{"loc":{"start":{"line":306,"column":8},"end":{"line":309,"column":9}},"type":"if","locations":[{"start":{"line":306,"column":8},"end":{"line":309,"column":9}}]},"36":{"loc":{"start":{"line":315,"column":10},"end":{"line":317,"column":15}},"type":"cond-expr","locations":[{"start":{"line":316,"column":14},"end":{"line":316,"column":64}},{"start":{"line":317,"column":14},"end":{"line":317,"column":15}}]},"37":{"loc":{"start":{"line":346,"column":4},"end":{"line":348,"column":5}},"type":"if","locations":[{"start":{"line":346,"column":4},"end":{"line":348,"column":5}}]},"38":{"loc":{"start":{"line":346,"column":8},"end":{"line":346,"column":50}},"type":"binary-expr","locations":[{"start":{"line":346,"column":8},"end":{"line":346,"column":23}},{"start":{"line":346,"column":27},"end":{"line":346,"column":50}}]},"39":{"loc":{"start":{"line":351,"column":22},"end":{"line":351,"column":73}},"type":"cond-expr","locations":[{"start":{"line":351,"column":54},"end":{"line":351,"column":68}},{"start":{"line":351,"column":71},"end":{"line":351,"column":73}}]},"40":{"loc":{"start":{"line":354,"column":58},"end":{"line":354,"column":78}},"type":"binary-expr","locations":[{"start":{"line":354,"column":58},"end":{"line":354,"column":72}},{"start":{"line":354,"column":76},"end":{"line":354,"column":78}}]},"41":{"loc":{"start":{"line":357,"column":11},"end":{"line":357,"column":45}},"type":"binary-expr","locations":[{"start":{"line":357,"column":11},"end":{"line":357,"column":20}},{"start":{"line":357,"column":24},"end":{"line":357,"column":32}},{"start":{"line":357,"column":36},"end":{"line":357,"column":45}}]},"42":{"loc":{"start":{"line":358,"column":18},"end":{"line":358,"column":33}},"type":"binary-expr","locations":[{"start":{"line":358,"column":18},"end":{"line":358,"column":28}},{"start":{"line":358,"column":32},"end":{"line":358,"column":33}}]},"43":{"loc":{"start":{"line":359,"column":21},"end":{"line":359,"column":36}},"type":"cond-expr","locations":[{"start":{"line":359,"column":31},"end":{"line":359,"column":35}},{"start":{"line":359,"column":35},"end":{"line":359,"column":36}}]},"44":{"loc":{"start":{"line":359,"column":21},"end":{"line":359,"column":35}},"type":"binary-expr","locations":[{"start":{"line":359,"column":21},"end":{"line":359,"column":35}},{"start":{"line":359,"column":31},"end":{"line":359,"column":35}}]},"45":{"loc":{"start":{"line":376,"column":4},"end":{"line":378,"column":5}},"type":"if","locations":[{"start":{"line":376,"column":4},"end":{"line":378,"column":5}}]},"46":{"loc":{"start":{"line":376,"column":8},"end":{"line":376,"column":50}},"type":"binary-expr","locations":[{"start":{"line":376,"column":8},"end":{"line":376,"column":23}},{"start":{"line":376,"column":27},"end":{"line":376,"column":50}}]}},"s":{"0":4,"1":4,"2":4,"3":4,"4":4,"5":4,"6":4,"7":4,"8":4,"9":4,"10":4,"11":4,"12":1,"13":1,"14":1,"15":1,"16":5,"17":5,"18":0,"19":5,"20":0,"21":0,"22":0,"23":0,"24":0,"25":0,"26":0,"27":0,"28":0,"29":0,"30":0,"31":0,"32":0,"33":0,"34":0,"35":0,"36":1,"37":1,"38":1,"39":1,"40":1,"41":12,"42":1,"43":0,"44":0,"45":1,"46":1,"47":0,"48":0,"49":0,"50":1,"51":1,"52":1,"53":1,"54":0,"55":0,"56":1,"57":1,"58":1,"59":1,"60":1,"61":1,"62":1,"63":1,"64":1,"65":1,"66":1,"67":1,"68":1,"69":3,"70":3,"71":3,"72":2,"73":3,"74":3,"75":1,"76":0,"77":2,"78":2,"79":2,"80":2,"81":3,"82":3,"83":2,"84":2,"85":2,"86":2,"87":2,"88":3,"89":3,"90":2,"91":2,"92":2,"93":6,"94":2,"95":0,"96":0,"97":0,"98":0,"99":0,"100":0,"101":0,"102":0,"103":0,"104":0,"105":0,"106":0,"107":0,"108":0,"109":0,"110":4,"111":4},"f":{"0":4,"1":1,"2":1,"3":5,"4":0,"5":0,"6":1,"7":12,"8":1,"9":3,"10":2,"11":3,"12":0,"13":2,"14":6,"15":0,"16":0,"17":0,"18":0},"b":{"0":[0,1],"1":[1,0],"2":[0],"3":[0],"4":[0],"5":[0],"6":[0,0],"7":[0,0],"8":[0,0],"9":[0],"10":[0,0],"11":[0,0],"12":[0,0],"13":[0,0],"14":[0],"15":[0],"16":[0,0],"17":[0],"18":[0],"19":[0,1],"20":[1,1],"21":[1,0],"22":[1,0],"23":[0,1],"24":[1,1],"25":[1,0],"26":[1,0],"27":[0,1],"28":[0,1],"29":[1,0],"30":[1],"31":[2],"32":[3,3],"33":[0,3],"34":[3,3],"35":[2],"36":[6,0],"37":[0],"38":[0,0],"39":[0,0],"40":[0,0],"41":[0,0,0],"42":[0,0],"43":[0,0],"44":[0,0],"45":[0],"46":[0,0]}}
,"/Users/zeyneptugcetuzsuz/Desktop/instascope/apps/api/src/auth/auth.controller.ts": {"path":"/Users/zeyneptugcetuzsuz/Desktop/instascope/apps/api/src/auth/auth.controller.ts","statementMap":{"0":{"start":{"line":1,"column":0},"end":{"line":1,"column":null}},"1":{"start":{"line":13,"column":0},"end":{"line":13,"column":45}},"2":{"start":{"line":14,"column":0},"end":{"line":14,"column":49}},"3":{"start":{"line":15,"column":0},"end":{"line":15,"column":43}},"4":{"start":{"line":16,"column":0},"end":{"line":16,"column":58}},"5":{"start":{"line":17,"column":0},"end":{"line":17,"column":55}},"6":{"start":{"line":26,"column":7},"end":{"line":130,"column":null}},"7":{"start":{"line":27,"column":31},"end":{"line":27,"column":44}},"8":{"start":{"line":37,"column":21},"end":{"line":37,"column":58}},"9":{"start":{"line":38,"column":48},"end":{"line":41,"column":null}},"10":{"start":{"line":44,"column":4},"end":{"line":44,"column":62}},"11":{"start":{"line":46,"column":4},"end":{"line":46,"column":20}},"12":{"start":{"line":57,"column":48},"end":{"line":59,"column":null}},"13":{"start":{"line":62,"column":4},"end":{"line":62,"column":62}},"14":{"start":{"line":64,"column":4},"end":{"line":64,"column":20}},"15":{"start":{"line":72,"column":17},"end":{"line":72,"column":64}},"16":{"start":{"line":73,"column":4},"end":{"line":73,"column":20}},"17":{"start":{"line":84,"column":4},"end":{"line":84,"column":47}},"18":{"start":{"line":86,"column":4},"end":{"line":86,"column":35}},"19":{"start":{"line":87,"column":4},"end":{"line":87,"column":36}},"20":{"start":{"line":88,"column":4},"end":{"line":88,"column":29}},"21":{"start":{"line":99,"column":28},"end":{"line":99,"column":74}},"22":{"start":{"line":101,"column":6},"end":{"line":101,"column":59}},"23":{"start":{"line":103,"column":4},"end":{"line":103,"column":62}},"24":{"start":{"line":104,"column":4},"end":{"line":104,"column":29}},"25":{"start":{"line":114,"column":21},"end":{"line":114,"column":79}},"26":{"start":{"line":116,"column":4},"end":{"line":121,"column":7}},"27":{"start":{"line":123,"column":4},"end":{"line":128,"column":7}},"28":{"start":{"line":26,"column":13},"end":{"line":26,"column":27}},"29":{"start":{"line":32,"column":8},"end":{"line":47,"column":null}},"30":{"start":{"line":52,"column":8},"end":{"line":65,"column":null}},"31":{"start":{"line":71,"column":8},"end":{"line":74,"column":null}},"32":{"start":{"line":80,"column":8},"end":{"line":89,"column":null}},"33":{"start":{"line":94,"column":8},"end":{"line":105,"column":null}},"34":{"start":{"line":26,"column":13},"end":{"line":130,"column":null}}},"fnMap":{"0":{"name":"(anonymous_4)","decl":{"start":{"line":27,"column":2},"end":{"line":27,"column":31}},"loc":{"start":{"line":27,"column":55},"end":{"line":27,"column":59}}},"1":{"name":"(anonymous_5)","decl":{"start":{"line":32,"column":2},"end":{"line":32,"column":7}},"loc":{"start":{"line":35,"column":45},"end":{"line":47,"column":3}}},"2":{"name":"(anonymous_6)","decl":{"start":{"line":52,"column":2},"end":{"line":52,"column":7}},"loc":{"start":{"line":55,"column":45},"end":{"line":65,"column":3}}},"3":{"name":"(anonymous_7)","decl":{"start":{"line":71,"column":2},"end":{"line":71,"column":7}},"loc":{"start":{"line":71,"column":46},"end":{"line":74,"column":3}}},"4":{"name":"(anonymous_8)","decl":{"start":{"line":80,"column":2},"end":{"line":80,"column":7}},"loc":{"start":{"line":82,"column":45},"end":{"line":89,"column":3}}},"5":{"name":"(anonymous_9)","decl":{"start":{"line":94,"column":2},"end":{"line":94,"column":7}},"loc":{"start":{"line":97,"column":45},"end":{"line":105,"column":3}}},"6":{"name":"(anonymous_10)","decl":{"start":{"line":107,"column":10},"end":{"line":107,"column":25}},"loc":{"start":{"line":111,"column":24},"end":{"line":129,"column":3}}}},"branchMap":{"0":{"loc":{"start":{"line":37,"column":21},"end":{"line":37,"column":58}},"type":"binary-expr","locations":[{"start":{"line":37,"column":21},"end":{"line":37,"column":30}},{"start":{"line":37,"column":34},"end":{"line":37,"column":58}}]},"1":{"loc":{"start":{"line":99,"column":28},"end":{"line":99,"column":74}},"type":"binary-expr","locations":[{"start":{"line":99,"column":28},"end":{"line":99,"column":53}},{"start":{"line":99,"column":57},"end":{"line":99,"column":74}}]},"2":{"loc":{"start":{"line":99,"column":28},"end":{"line":99,"column":53}},"type":"cond-expr","locations":[{"start":{"line":99,"column":39},"end":{"line":99,"column":41}},{"start":{"line":99,"column":39},"end":{"line":99,"column":53}}]},"3":{"loc":{"start":{"line":99,"column":28},"end":{"line":99,"column":41}},"type":"binary-expr","locations":[{"start":{"line":99,"column":28},"end":{"line":99,"column":41}},{"start":{"line":99,"column":39},"end":{"line":99,"column":41}}]},"4":{"loc":{"start":{"line":114,"column":21},"end":{"line":114,"column":79}},"type":"binary-expr","locations":[{"start":{"line":114,"column":21},"end":{"line":114,"column":31}},{"start":{"line":114,"column":35},"end":{"line":114,"column":79}}]},"5":{"loc":{"start":{"line":119,"column":16},"end":{"line":119,"column":41}},"type":"cond-expr","locations":[{"start":{"line":119,"column":27},"end":{"line":119,"column":33}},{"start":{"line":119,"column":36},"end":{"line":119,"column":41}}]},"6":{"loc":{"start":{"line":126,"column":16},"end":{"line":126,"column":41}},"type":"cond-expr","locations":[{"start":{"line":126,"column":27},"end":{"line":126,"column":33}},{"start":{"line":126,"column":36},"end":{"line":126,"column":41}}]}},"s":{"0":4,"1":4,"2":4,"3":4,"4":4,"5":4,"6":4,"7":4,"8":1,"9":1,"10":1,"11":1,"12":3,"13":3,"14":3,"15":1,"16":1,"17":0,"18":0,"19":0,"20":0,"21":1,"22":1,"23":1,"24":1,"25":5,"26":5,"27":5,"28":4,"29":4,"30":4,"31":4,"32":4,"33":4,"34":4},"f":{"0":4,"1":1,"2":3,"3":1,"4":0,"5":1,"6":5},"b":{"0":[1,1],"1":[1,1],"2":[0,1],"3":[1,1],"4":[5,5],"5":[0,5],"6":[0,5]}}
,"/Users/zeyneptugcetuzsuz/Desktop/instascope/apps/api/src/auth/auth.service.ts": {"path":"/Users/zeyneptugcetuzsuz/Desktop/instascope/apps/api/src/auth/auth.service.ts","statementMap":{"0":{"start":{"line":1,"column":0},"end":{"line":1,"column":null}},"1":{"start":{"line":7,"column":0},"end":{"line":7,"column":33}},"2":{"start":{"line":8,"column":0},"end":{"line":8,"column":57}},"3":{"start":{"line":9,"column":0},"end":{"line":9,"column":36}},"4":{"start":{"line":10,"column":0},"end":{"line":10,"column":51}},"5":{"start":{"line":13,"column":7},"end":{"line":168,"column":null}},"6":{"start":{"line":27,"column":22},"end":{"line":27,"column":30}},"7":{"start":{"line":16,"column":19},"end":{"line":22,"column":7}},"8":{"start":{"line":17,"column":14},"end":{"line":17,"column":36}},"9":{"start":{"line":18,"column":4},"end":{"line":20,"column":5}},"10":{"start":{"line":19,"column":6},"end":{"line":19,"column":67}},"11":{"start":{"line":21,"column":4},"end":{"line":21,"column":13}},"12":{"start":{"line":30,"column":25},"end":{"line":38,"column":6}},"13":{"start":{"line":41,"column":4},"end":{"line":53,"column":5}},"14":{"start":{"line":42,"column":6},"end":{"line":45,"column":9}},"15":{"start":{"line":49,"column":6},"end":{"line":51,"column":7}},"16":{"start":{"line":50,"column":8},"end":{"line":50,"column":72}},"17":{"start":{"line":52,"column":6},"end":{"line":52,"column":14}},"18":{"start":{"line":55,"column":24},"end":{"line":55,"column":62}},"19":{"start":{"line":56,"column":19},"end":{"line":56,"column":66}},"20":{"start":{"line":58,"column":4},"end":{"line":60,"column":null}},"21":{"start":{"line":65,"column":17},"end":{"line":65,"column":72}},"22":{"start":{"line":66,"column":4},"end":{"line":66,"column":76}},"23":{"start":{"line":66,"column":15},"end":{"line":66,"column":76}},"24":{"start":{"line":68,"column":26},"end":{"line":71,"column":6}},"25":{"start":{"line":72,"column":4},"end":{"line":72,"column":85}},"26":{"start":{"line":72,"column":24},"end":{"line":72,"column":85}},"27":{"start":{"line":74,"column":24},"end":{"line":74,"column":62}},"28":{"start":{"line":75,"column":19},"end":{"line":75,"column":66}},"29":{"start":{"line":77,"column":4},"end":{"line":79,"column":null}},"30":{"start":{"line":84,"column":17},"end":{"line":87,"column":6}},"31":{"start":{"line":88,"column":4},"end":{"line":88,"column":71}},"32":{"start":{"line":88,"column":15},"end":{"line":88,"column":71}},"33":{"start":{"line":89,"column":4},"end":{"line":93,"column":6}},"34":{"start":{"line":97,"column":4},"end":{"line":97,"column":84}},"35":{"start":{"line":97,"column":32},"end":{"line":97,"column":84}},"36":{"start":{"line":102,"column":25},"end":{"line":102,"column":62}},"37":{"start":{"line":104,"column":24},"end":{"line":106,"column":6}},"38":{"start":{"line":108,"column":4},"end":{"line":108,"column":72}},"39":{"start":{"line":108,"column":22},"end":{"line":108,"column":72}},"40":{"start":{"line":110,"column":4},"end":{"line":117,"column":5}},"41":{"start":{"line":113,"column":6},"end":{"line":115,"column":9}},"42":{"start":{"line":116,"column":6},"end":{"line":116,"column":83}},"43":{"start":{"line":119,"column":4},"end":{"line":121,"column":5}},"44":{"start":{"line":120,"column":6},"end":{"line":120,"column":61}},"45":{"start":{"line":123,"column":4},"end":{"line":126,"column":7}},"46":{"start":{"line":128,"column":4},"end":{"line":128,"column":71}},"47":{"start":{"line":136,"column":4},"end":{"line":136,"column":69}},"48":{"start":{"line":140,"column":4},"end":{"line":140,"column":70}},"49":{"start":{"line":144,"column":24},"end":{"line":147,"column":6}},"50":{"start":{"line":151,"column":28},"end":{"line":151,"column":66}},"51":{"start":{"line":152,"column":29},"end":{"line":152,"column":60}},"52":{"start":{"line":154,"column":22},"end":{"line":154,"column":32}},"53":{"start":{"line":155,"column":4},"end":{"line":155,"column":47}},"54":{"start":{"line":157,"column":4},"end":{"line":164,"column":7}},"55":{"start":{"line":166,"column":4},"end":{"line":166,"column":58}},"56":{"start":{"line":13,"column":13},"end":{"line":13,"column":24}},"57":{"start":{"line":13,"column":13},"end":{"line":168,"column":null}}},"fnMap":{"0":{"name":"(anonymous_11)","decl":{"start":{"line":27,"column":2},"end":{"line":27,"column":22}},"loc":{"start":{"line":27,"column":43},"end":{"line":27,"column":47}}},"1":{"name":"(anonymous_12)","decl":{"start":{"line":16,"column":32},"end":{"line":16,"column":35}},"loc":{"start":{"line":16,"column":37},"end":{"line":22,"column":3}}},"2":{"name":"(anonymous_13)","decl":{"start":{"line":29,"column":2},"end":{"line":29,"column":7}},"loc":{"start":{"line":29,"column":62},"end":{"line":62,"column":3}}},"3":{"name":"(anonymous_14)","decl":{"start":{"line":64,"column":2},"end":{"line":64,"column":7}},"loc":{"start":{"line":64,"column":45},"end":{"line":81,"column":3}}},"4":{"name":"(anonymous_15)","decl":{"start":{"line":83,"column":2},"end":{"line":83,"column":7}},"loc":{"start":{"line":83,"column":34},"end":{"line":94,"column":3}}},"5":{"name":"(anonymous_16)","decl":{"start":{"line":96,"column":2},"end":{"line":96,"column":7}},"loc":{"start":{"line":96,"column":51},"end":{"line":129,"column":3}}},"6":{"name":"(anonymous_17)","decl":{"start":{"line":135,"column":2},"end":{"line":135,"column":7}},"loc":{"start":{"line":135,"column":29},"end":{"line":137,"column":3}}},"7":{"name":"(anonymous_18)","decl":{"start":{"line":139,"column":10},"end":{"line":139,"column":19}},"loc":{"start":{"line":139,"column":36},"end":{"line":141,"column":3}}},"8":{"name":"(anonymous_19)","decl":{"start":{"line":143,"column":10},"end":{"line":143,"column":15}},"loc":{"start":{"line":143,"column":61},"end":{"line":167,"column":3}}}},"branchMap":{"0":{"loc":{"start":{"line":18,"column":4},"end":{"line":20,"column":5}},"type":"if","locations":[{"start":{"line":18,"column":4},"end":{"line":20,"column":5}}]},"1":{"loc":{"start":{"line":49,"column":6},"end":{"line":51,"column":7}},"type":"if","locations":[{"start":{"line":49,"column":6},"end":{"line":51,"column":7}}]},"2":{"loc":{"start":{"line":59,"column":52},"end":{"line":59,"column":79}},"type":"binary-expr","locations":[{"start":{"line":59,"column":52},"end":{"line":59,"column":56}},{"start":{"line":59,"column":60},"end":{"line":59,"column":79}}]},"3":{"loc":{"start":{"line":66,"column":4},"end":{"line":66,"column":76}},"type":"if","locations":[{"start":{"line":66,"column":4},"end":{"line":66,"column":76}}]},"4":{"loc":{"start":{"line":72,"column":4},"end":{"line":72,"column":85}},"type":"if","locations":[{"start":{"line":72,"column":4},"end":{"line":72,"column":85}}]},"5":{"loc":{"start":{"line":88,"column":4},"end":{"line":88,"column":71}},"type":"if","locations":[{"start":{"line":88,"column":4},"end":{"line":88,"column":71}}]},"6":{"loc":{"start":{"line":97,"column":4},"end":{"line":97,"column":84}},"type":"if","locations":[{"start":{"line":97,"column":4},"end":{"line":97,"column":84}}]},"7":{"loc":{"start":{"line":108,"column":4},"end":{"line":108,"column":72}},"type":"if","locations":[{"start":{"line":108,"column":4},"end":{"line":108,"column":72}}]},"8":{"loc":{"start":{"line":110,"column":4},"end":{"line":117,"column":5}},"type":"if","locations":[{"start":{"line":110,"column":4},"end":{"line":117,"column":5}}]},"9":{"loc":{"start":{"line":119,"column":4},"end":{"line":121,"column":5}},"type":"if","locations":[{"start":{"line":119,"column":4},"end":{"line":121,"column":5}}]}},"s":{"0":4,"1":4,"2":4,"3":4,"4":4,"5":4,"6":4,"7":4,"8":4,"9":4,"10":0,"11":4,"12":1,"13":1,"14":1,"15":0,"16":0,"17":0,"18":1,"19":1,"20":1,"21":3,"22":3,"23":0,"24":3,"25":3,"26":0,"27":3,"28":3,"29":3,"30":1,"31":1,"32":0,"33":1,"34":1,"35":0,"36":1,"37":1,"38":1,"39":0,"40":1,"41":0,"42":0,"43":1,"44":0,"45":1,"46":1,"47":0,"48":6,"49":5,"50":5,"51":5,"52":5,"53":5,"54":5,"55":5,"56":4,"57":4},"f":{"0":4,"1":4,"2":1,"3":3,"4":1,"5":1,"6":0,"7":6,"8":5},"b":{"0":[0],"1":[0],"2":[1,0],"3":[0],"4":[0],"5":[0],"6":[0],"7":[0],"8":[0],"9":[0]}}
,"/Users/zeyneptugcetuzsuz/Desktop/instascope/apps/api/src/auth/decorators/roles.decorator.ts": {"path":"/Users/zeyneptugcetuzsuz/Desktop/instascope/apps/api/src/auth/decorators/roles.decorator.ts","statementMap":{"0":{"start":{"line":1,"column":0},"end":{"line":1,"column":45}},"1":{"start":{"line":3,"column":13},"end":{"line":3,"column":33}},"2":{"start":{"line":4,"column":21},"end":{"line":4,"column":74}},"3":{"start":{"line":4,"column":45},"end":{"line":4,"column":74}},"4":{"start":{"line":4,"column":13},"end":{"line":4,"column":21}}},"fnMap":{"0":{"name":"(anonymous_0)","decl":{"start":{"line":4,"column":21},"end":{"line":4,"column":22}},"loc":{"start":{"line":4,"column":45},"end":{"line":4,"column":74}}}},"branchMap":{},"s":{"0":4,"1":4,"2":4,"3":8,"4":4},"f":{"0":8},"b":{}}
,"/Users/zeyneptugcetuzsuz/Desktop/instascope/apps/api/src/auth/guards/jwt-auth.guard.ts": {"path":"/Users/zeyneptugcetuzsuz/Desktop/instascope/apps/api/src/auth/guards/jwt-auth.guard.ts","statementMap":{"0":{"start":{"line":1,"column":0},"end":{"line":1,"column":62}},"1":{"start":{"line":2,"column":0},"end":{"line":2,"column":45}},"2":{"start":{"line":5,"column":7},"end":{"line":9,"column":null}},"3":{"start":{"line":7,"column":4},"end":{"line":7,"column":38}},"4":{"start":{"line":5,"column":13},"end":{"line":5,"column":25}},"5":{"start":{"line":5,"column":13},"end":{"line":9,"column":null}}},"fnMap":{"0":{"name":"(anonymous_1)","decl":{"start":{"line":6,"column":2},"end":{"line":6,"column":13}},"loc":{"start":{"line":6,"column":39},"end":{"line":8,"column":3}}}},"branchMap":{},"s":{"0":4,"1":4,"2":4,"3":9,"4":4,"5":4},"f":{"0":9},"b":{}}
,"/Users/zeyneptugcetuzsuz/Desktop/instascope/apps/api/src/auth/guards/roles.guard.ts": {"path":"/Users/zeyneptugcetuzsuz/Desktop/instascope/apps/api/src/auth/guards/roles.guard.ts","statementMap":{"0":{"start":{"line":1,"column":0},"end":{"line":1,"column":75}},"1":{"start":{"line":2,"column":0},"end":{"line":2,"column":41}},"2":{"start":{"line":3,"column":0},"end":{"line":3,"column":58}},"3":{"start":{"line":6,"column":7},"end":{"line":23,"column":null}},"4":{"start":{"line":7,"column":22},"end":{"line":7,"column":33}},"5":{"start":{"line":10,"column":26},"end":{"line":13,"column":6}},"6":{"start":{"line":14,"column":4},"end":{"line":16,"column":5}},"7":{"start":{"line":15,"column":6},"end":{"line":15,"column":18}},"8":{"start":{"line":18,"column":20},"end":{"line":18,"column":55}},"9":{"start":{"line":19,"column":17},"end":{"line":19,"column":29}},"10":{"start":{"line":21,"column":4},"end":{"line":21,"column":53}},"11":{"start":{"line":6,"column":13},"end":{"line":6,"column":23}},"12":{"start":{"line":6,"column":13},"end":{"line":23,"column":null}}},"fnMap":{"0":{"name":"(anonymous_2)","decl":{"start":{"line":7,"column":2},"end":{"line":7,"column":22}},"loc":{"start":{"line":7,"column":42},"end":{"line":7,"column":46}}},"1":{"name":"(anonymous_3)","decl":{"start":{"line":9,"column":2},"end":{"line":9,"column":13}},"loc":{"start":{"line":9,"column":39},"end":{"line":22,"column":3}}}},"branchMap":{"0":{"loc":{"start":{"line":14,"column":4},"end":{"line":16,"column":5}},"type":"if","locations":[{"start":{"line":14,"column":4},"end":{"line":16,"column":5}}]},"1":{"loc":{"start":{"line":21,"column":11},"end":{"line":21,"column":52}},"type":"binary-expr","locations":[{"start":{"line":21,"column":11},"end":{"line":21,"column":15}},{"start":{"line":21,"column":19},"end":{"line":21,"column":52}}]}},"s":{"0":4,"1":4,"2":4,"3":4,"4":8,"5":7,"6":7,"7":5,"8":2,"9":2,"10":2,"11":4,"12":4},"f":{"0":8,"1":7},"b":{"0":[5],"1":[2,2]}}
,"/Users/zeyneptugcetuzsuz/Desktop/instascope/apps/api/src/auth/strategies/jwt.strategy.ts": {"path":"/Users/zeyneptugcetuzsuz/Desktop/instascope/apps/api/src/auth/strategies/jwt.strategy.ts","statementMap":{"0":{"start":{"line":1,"column":0},"end":{"line":1,"column":67}},"1":{"start":{"line":2,"column":0},"end":{"line":2,"column":52}},"2":{"start":{"line":3,"column":0},"end":{"line":3,"column":52}},"3":{"start":{"line":5,"column":0},"end":{"line":5,"column":60}},"4":{"start":{"line":9,"column":24},"end":{"line":11,"column":1}},"5":{"start":{"line":10,"column":2},"end":{"line":10,"column":43}},"6":{"start":{"line":14,"column":7},"end":{"line":52,"column":null}},"7":{"start":{"line":16,"column":22},"end":{"line":16,"column":44}},"8":{"start":{"line":17,"column":4},"end":{"line":23,"column":5}},"9":{"start":{"line":20,"column":6},"end":{"line":22,"column":8}},"10":{"start":{"line":25,"column":4},"end":{"line":33,"column":7}},"11":{"start":{"line":15,"column":31},"end":{"line":15,"column":39}},"12":{"start":{"line":37,"column":17},"end":{"line":40,"column":6}},"13":{"start":{"line":42,"column":4},"end":{"line":44,"column":5}},"14":{"start":{"line":43,"column":6},"end":{"line":43,"column":56}},"15":{"start":{"line":50,"column":4},"end":{"line":50,"column":16}},"16":{"start":{"line":14,"column":13},"end":{"line":14,"column":24}},"17":{"start":{"line":14,"column":13},"end":{"line":52,"column":null}}},"fnMap":{"0":{"name":"(anonymous_2)","decl":{"start":{"line":9,"column":24},"end":{"line":9,"column":25}},"loc":{"start":{"line":9,"column":56},"end":{"line":11,"column":1}}},"1":{"name":"(anonymous_3)","decl":{"start":{"line":15,"column":2},"end":{"line":15,"column":31}},"loc":{"start":{"line":15,"column":52},"end":{"line":34,"column":3}}},"2":{"name":"(anonymous_4)","decl":{"start":{"line":36,"column":2},"end":{"line":36,"column":7}},"loc":{"start":{"line":36,"column":44},"end":{"line":51,"column":3}}}},"branchMap":{"0":{"loc":{"start":{"line":10,"column":9},"end":{"line":10,"column":42}},"type":"binary-expr","locations":[{"start":{"line":10,"column":9},"end":{"line":10,"column":34}},{"start":{"line":10,"column":38},"end":{"line":10,"column":42}}]},"1":{"loc":{"start":{"line":10,"column":9},"end":{"line":10,"column":34}},"type":"cond-expr","locations":[{"start":{"line":10,"column":21},"end":{"line":10,"column":23}},{"start":{"line":10,"column":21},"end":{"line":10,"column":34}}]},"2":{"loc":{"start":{"line":10,"column":9},"end":{"line":10,"column":23}},"type":"binary-expr","locations":[{"start":{"line":10,"column":9},"end":{"line":10,"column":23}},{"start":{"line":10,"column":21},"end":{"line":10,"column":23}}]},"3":{"loc":{"start":{"line":10,"column":9},"end":{"line":10,"column":21}},"type":"cond-expr","locations":[{"start":{"line":10,"column":12},"end":{"line":10,"column":14}},{"start":{"line":10,"column":9},"end":{"line":10,"column":21}}]},"4":{"loc":{"start":{"line":10,"column":9},"end":{"line":10,"column":14}},"type":"binary-expr","locations":[{"start":{"line":10,"column":9},"end":{"line":10,"column":14}},{"start":{"line":10,"column":9},"end":{"line":10,"column":14}}]},"5":{"loc":{"start":{"line":17,"column":4},"end":{"line":23,"column":5}},"type":"if","locations":[{"start":{"line":17,"column":4},"end":{"line":23,"column":5}}]},"6":{"loc":{"start":{"line":42,"column":4},"end":{"line":44,"column":5}},"type":"if","locations":[{"start":{"line":42,"column":4},"end":{"line":44,"column":5}}]}},"s":{"0":4,"1":4,"2":4,"3":4,"4":4,"5":9,"6":4,"7":4,"8":4,"9":0,"10":4,"11":4,"12":8,"13":8,"14":0,"15":8,"16":4,"17":4},"f":{"0":9,"1":4,"2":8},"b":{"0":[9,1],"1":[0,9],"2":[9,9],"3":[0,9],"4":[9,9],"5":[0],"6":[0]}}
,"/Users/zeyneptugcetuzsuz/Desktop/instascope/apps/api/src/cache/cache.service.ts": {"path":"/Users/zeyneptugcetuzsuz/Desktop/instascope/apps/api/src/cache/cache.service.ts","statementMap":{"0":{"start":{"line":1,"column":0},"end":{"line":1,"column":52}},"1":{"start":{"line":2,"column":0},"end":{"line":2,"column":28}},"2":{"start":{"line":5,"column":7},"end":{"line":37,"column":null}},"3":{"start":{"line":9,"column":55},"end":{"line":9,"column":62}},"4":{"start":{"line":6,"column":10},"end":{"line":6,"column":19}},"5":{"start":{"line":7,"column":10},"end":{"line":7,"column":21}},"6":{"start":{"line":12,"column":18},"end":{"line":12,"column":43}},"7":{"start":{"line":13,"column":4},"end":{"line":17,"column":5}},"8":{"start":{"line":14,"column":6},"end":{"line":14,"column":18}},"9":{"start":{"line":15,"column":6},"end":{"line":15,"column":24}},"10":{"start":{"line":16,"column":6},"end":{"line":16,"column":31}},"11":{"start":{"line":18,"column":4},"end":{"line":18,"column":18}},"12":{"start":{"line":19,"column":4},"end":{"line":19,"column":22}},"13":{"start":{"line":20,"column":4},"end":{"line":20,"column":16}},"14":{"start":{"line":24,"column":4},"end":{"line":24,"column":71}},"15":{"start":{"line":28,"column":17},"end":{"line":28,"column":47}},"16":{"start":{"line":29,"column":4},"end":{"line":29,"column":51}},"17":{"start":{"line":29,"column":21},"end":{"line":29,"column":51}},"18":{"start":{"line":33,"column":18},"end":{"line":33,"column":41}},"19":{"start":{"line":34,"column":17},"end":{"line":34,"column":55}},"20":{"start":{"line":35,"column":4},"end":{"line":35,"column":70}},"21":{"start":{"line":5,"column":13},"end":{"line":5,"column":25}},"22":{"start":{"line":5,"column":13},"end":{"line":37,"column":null}}},"fnMap":{"0":{"name":"(anonymous_5)","decl":{"start":{"line":9,"column":2},"end":{"line":9,"column":15}},"loc":{"start":{"line":9,"column":67},"end":{"line":9,"column":71}}},"1":{"name":"(anonymous_6)","decl":{"start":{"line":11,"column":2},"end":{"line":11,"column":7}},"loc":{"start":{"line":11,"column":26},"end":{"line":21,"column":3}}},"2":{"name":"(anonymous_7)","decl":{"start":{"line":23,"column":2},"end":{"line":23,"column":7}},"loc":{"start":{"line":23,"column":59},"end":{"line":25,"column":3}}},"3":{"name":"(anonymous_8)","decl":{"start":{"line":27,"column":2},"end":{"line":27,"column":7}},"loc":{"start":{"line":27,"column":41},"end":{"line":30,"column":3}}},"4":{"name":"(anonymous_9)","decl":{"start":{"line":32,"column":10},"end":{"line":32,"column":20}},"loc":{"start":{"line":32,"column":20},"end":{"line":36,"column":3}}}},"branchMap":{"0":{"loc":{"start":{"line":13,"column":4},"end":{"line":17,"column":5}},"type":"if","locations":[{"start":{"line":13,"column":4},"end":{"line":17,"column":5}}]},"1":{"loc":{"start":{"line":29,"column":4},"end":{"line":29,"column":51}},"type":"if","locations":[{"start":{"line":29,"column":4},"end":{"line":29,"column":51}}]}},"s":{"0":4,"1":4,"2":4,"3":4,"4":4,"5":4,"6":1,"7":1,"8":0,"9":0,"10":0,"11":1,"12":1,"13":1,"14":1,"15":1,"16":1,"17":1,"18":1,"19":1,"20":1,"21":4,"22":4},"f":{"0":4,"1":1,"2":1,"3":1,"4":1},"b":{"0":[0],"1":[1]}}
,"/Users/zeyneptugcetuzsuz/Desktop/instascope/apps/api/src/collector/collector.processor.ts": {"path":"/Users/zeyneptugcetuzsuz/Desktop/instascope/apps/api/src/collector/collector.processor.ts","statementMap":{"0":{"start":{"line":1,"column":0},"end":{"line":1,"column":55}},"1":{"start":{"line":3,"column":0},"end":{"line":3,"column":52}},"2":{"start":{"line":4,"column":0},"end":{"line":4,"column":57}},"3":{"start":{"line":5,"column":0},"end":{"line":5,"column":76}},"4":{"start":{"line":6,"column":0},"end":{"line":6,"column":54}},"5":{"start":{"line":7,"column":0},"end":{"line":7,"column":44}},"6":{"start":{"line":11,"column":31},"end":{"line":230,"column":null}},"7":{"start":{"line":19,"column":4},"end":{"line":19,"column":12}},"8":{"start":{"line":15,"column":21},"end":{"line":15,"column":29}},"9":{"start":{"line":16,"column":21},"end":{"line":16,"column":37}},"10":{"start":{"line":17,"column":21},"end":{"line":17,"column":35}},"11":{"start":{"line":12,"column":19},"end":{"line":12,"column":64}},"12":{"start":{"line":23,"column":4},"end":{"line":23,"column":61}},"13":{"start":{"line":23,"column":36},"end":{"line":23,"column":59}},"14":{"start":{"line":27,"column":4},"end":{"line":27,"column":73}},"15":{"start":{"line":29,"column":22},"end":{"line":29,"column":41}},"16":{"start":{"line":31,"column":21},"end":{"line":35,"column":10}},"17":{"start":{"line":37,"column":4},"end":{"line":40,"column":5}},"18":{"start":{"line":38,"column":6},"end":{"line":38,"column":60}},"19":{"start":{"line":39,"column":6},"end":{"line":39,"column":62}},"20":{"start":{"line":42,"column":4},"end":{"line":225,"column":5}},"21":{"start":{"line":43,"column":34},"end":{"line":49,"column":8}},"22":{"start":{"line":51,"column":6},"end":{"line":224,"column":7}},"23":{"start":{"line":52,"column":8},"end":{"line":59,"column":9}},"24":{"start":{"line":53,"column":10},"end":{"line":53,"column":90}},"25":{"start":{"line":54,"column":10},"end":{"line":57,"column":13}},"26":{"start":{"line":58,"column":10},"end":{"line":58,"column":19}},"27":{"start":{"line":61,"column":8},"end":{"line":61,"column":86}},"28":{"start":{"line":63,"column":34},"end":{"line":67,"column":10}},"29":{"start":{"line":69,"column":34},"end":{"line":69,"column":35}},"30":{"start":{"line":70,"column":8},"end":{"line":141,"column":9}},"31":{"start":{"line":71,"column":10},"end":{"line":71,"column":62}},"32":{"start":{"line":73,"column":10},"end":{"line":140,"column":11}},"33":{"start":{"line":74,"column":30},"end":{"line":85,"column":14}},"34":{"start":{"line":88,"column":31},"end":{"line":88,"column":51}},"35":{"start":{"line":89,"column":34},"end":{"line":89,"column":57}},"36":{"start":{"line":90,"column":31},"end":{"line":90,"column":46}},"37":{"start":{"line":91,"column":31},"end":{"line":91,"column":46}},"38":{"start":{"line":92,"column":35},"end":{"line":92,"column":61}},"39":{"start":{"line":94,"column":12},"end":{"line":111,"column":15}},"40":{"start":{"line":113,"column":37},"end":{"line":116,"column":14}},"41":{"start":{"line":118,"column":12},"end":{"line":139,"column":13}},"42":{"start":{"line":119,"column":14},"end":{"line":138,"column":15}},"43":{"start":{"line":120,"column":40},"end":{"line":126,"column":18}},"44":{"start":{"line":128,"column":16},"end":{"line":137,"column":17}},"45":{"start":{"line":129,"column":18},"end":{"line":136,"column":21}},"46":{"start":{"line":143,"column":8},"end":{"line":150,"column":11}},"47":{"start":{"line":154,"column":8},"end":{"line":157,"column":9}},"48":{"start":{"line":155,"column":10},"end":{"line":155,"column":80}},"49":{"start":{"line":156,"column":10},"end":{"line":156,"column":73}},"50":{"start":{"line":160,"column":8},"end":{"line":177,"column":9}},"51":{"start":{"line":161,"column":10},"end":{"line":161,"column":90}},"52":{"start":{"line":162,"column":10},"end":{"line":172,"column":12}},"53":{"start":{"line":173,"column":10},"end":{"line":173,"column":90}},"54":{"start":{"line":175,"column":27},"end":{"line":175,"column":87}},"55":{"start":{"line":176,"column":10},"end":{"line":176,"column":86}},"56":{"start":{"line":180,"column":8},"end":{"line":207,"column":9}},"57":{"start":{"line":181,"column":36},"end":{"line":184,"column":12}},"58":{"start":{"line":186,"column":10},"end":{"line":203,"column":11}},"59":{"start":{"line":187,"column":12},"end":{"line":187,"column":104}},"60":{"start":{"line":189,"column":33},"end":{"line":189,"column":113}},"61":{"start":{"line":191,"column":12},"end":{"line":201,"column":15}},"62":{"start":{"line":196,"column":56},"end":{"line":199,"column":18}},"63":{"start":{"line":202,"column":12},"end":{"line":202,"column":85}},"64":{"start":{"line":205,"column":29},"end":{"line":205,"column":110}},"65":{"start":{"line":206,"column":10},"end":{"line":206,"column":89}},"66":{"start":{"line":209,"column":8},"end":{"line":209,"column":30}},"67":{"start":{"line":211,"column":29},"end":{"line":211,"column":83}},"68":{"start":{"line":212,"column":27},"end":{"line":212,"column":75}},"69":{"start":{"line":214,"column":8},"end":{"line":214,"column":93}},"70":{"start":{"line":216,"column":8},"end":{"line":223,"column":11}},"71":{"start":{"line":227,"column":4},"end":{"line":227,"column":68}},"72":{"start":{"line":228,"column":4},"end":{"line":228,"column":29}},"73":{"start":{"line":11,"column":13},"end":{"line":11,"column":31}},"74":{"start":{"line":11,"column":13},"end":{"line":230,"column":null}}},"fnMap":{"0":{"name":"(anonymous_2)","decl":{"start":{"line":14,"column":2},"end":{"line":14,"column":null}},"loc":{"start":{"line":17,"column":47},"end":{"line":20,"column":3}}},"1":{"name":"(anonymous_3)","decl":{"start":{"line":22,"column":10},"end":{"line":22,"column":14}},"loc":{"start":{"line":22,"column":25},"end":{"line":24,"column":3}}},"2":{"name":"(anonymous_4)","decl":{"start":{"line":23,"column":23},"end":{"line":23,"column":24}},"loc":{"start":{"line":23,"column":36},"end":{"line":23,"column":59}}},"3":{"name":"(anonymous_5)","decl":{"start":{"line":26,"column":2},"end":{"line":26,"column":7}},"loc":{"start":{"line":26,"column":42},"end":{"line":229,"column":3}}},"4":{"name":"(anonymous_6)","decl":{"start":{"line":196,"column":48},"end":{"line":196,"column":49}},"loc":{"start":{"line":196,"column":56},"end":{"line":199,"column":18}}}},"branchMap":{"0":{"loc":{"start":{"line":29,"column":22},"end":{"line":29,"column":41}},"type":"cond-expr","locations":[{"start":{"line":29,"column":30},"end":{"line":29,"column":32}},{"start":{"line":29,"column":30},"end":{"line":29,"column":41}}]},"1":{"loc":{"start":{"line":29,"column":22},"end":{"line":29,"column":32}},"type":"binary-expr","locations":[{"start":{"line":29,"column":22},"end":{"line":29,"column":32}},{"start":{"line":29,"column":30},"end":{"line":29,"column":32}}]},"2":{"loc":{"start":{"line":31,"column":21},"end":{"line":35,"column":10}},"type":"cond-expr","locations":[{"start":{"line":32,"column":8},"end":{"line":32,"column":97}},{"start":{"line":33,"column":8},"end":{"line":35,"column":10}}]},"3":{"loc":{"start":{"line":37,"column":4},"end":{"line":40,"column":5}},"type":"if","locations":[{"start":{"line":37,"column":4},"end":{"line":40,"column":5}}]},"4":{"loc":{"start":{"line":52,"column":8},"end":{"line":59,"column":9}},"type":"if","locations":[{"start":{"line":52,"column":8},"end":{"line":59,"column":9}}]},"5":{"loc":{"start":{"line":70,"column":8},"end":{"line":141,"column":9}},"type":"if","locations":[{"start":{"line":70,"column":8},"end":{"line":141,"column":9}}]},"6":{"loc":{"start":{"line":70,"column":12},"end":{"line":70,"column":55}},"type":"binary-expr","locations":[{"start":{"line":70,"column":12},"end":{"line":70,"column":29}},{"start":{"line":70,"column":33},"end":{"line":70,"column":55}}]},"7":{"loc":{"start":{"line":82,"column":35},"end":{"line":82,"column":63}},"type":"binary-expr","locations":[{"start":{"line":82,"column":35},"end":{"line":82,"column":49}},{"start":{"line":82,"column":53},"end":{"line":82,"column":63}}]},"8":{"loc":{"start":{"line":83,"column":27},"end":{"line":83,"column":81}},"type":"binary-expr","locations":[{"start":{"line":83,"column":27},"end":{"line":83,"column":41}},{"start":{"line":83,"column":45},"end":{"line":83,"column":81}}]},"9":{"loc":{"start":{"line":88,"column":31},"end":{"line":88,"column":51}},"type":"binary-expr","locations":[{"start":{"line":88,"column":31},"end":{"line":88,"column":46}},{"start":{"line":88,"column":50},"end":{"line":88,"column":51}}]},"10":{"loc":{"start":{"line":89,"column":34},"end":{"line":89,"column":57}},"type":"binary-expr","locations":[{"start":{"line":89,"column":34},"end":{"line":89,"column":52}},{"start":{"line":89,"column":56},"end":{"line":89,"column":57}}]},"11":{"loc":{"start":{"line":90,"column":31},"end":{"line":90,"column":46}},"type":"binary-expr","locations":[{"start":{"line":90,"column":31},"end":{"line":90,"column":41}},{"start":{"line":90,"column":45},"end":{"line":90,"column":46}}]},"12":{"loc":{"start":{"line":91,"column":31},"end":{"line":91,"column":46}},"type":"binary-expr","locations":[{"start":{"line":91,"column":31},"end":{"line":91,"column":41}},{"start":{"line":91,"column":45},"end":{"line":91,"column":46}}]},"13":{"loc":{"start":{"line":118,"column":12},"end":{"line":139,"column":13}},"type":"if","locations":[{"start":{"line":118,"column":12},"end":{"line":139,"column":13}}]},"14":{"loc":{"start":{"line":118,"column":16},"end":{"line":118,"column":57}},"type":"binary-expr","locations":[{"start":{"line":118,"column":16},"end":{"line":118,"column":32}},{"start":{"line":118,"column":36},"end":{"line":118,"column":57}}]},"15":{"loc":{"start":{"line":124,"column":32},"end":{"line":124,"column":67}},"type":"binary-expr","locations":[{"start":{"line":124,"column":32},"end":{"line":124,"column":52}},{"start":{"line":124,"column":56},"end":{"line":124,"column":67}}]},"16":{"loc":{"start":{"line":128,"column":16},"end":{"line":137,"column":17}},"type":"if","locations":[{"start":{"line":128,"column":16},"end":{"line":137,"column":17}}]},"17":{"loc":{"start":{"line":132,"column":34},"end":{"line":132,"column":69}},"type":"binary-expr","locations":[{"start":{"line":132,"column":34},"end":{"line":132,"column":54}},{"start":{"line":132,"column":58},"end":{"line":132,"column":69}}]},"18":{"loc":{"start":{"line":134,"column":44},"end":{"line":134,"column":79}},"type":"binary-expr","locations":[{"start":{"line":134,"column":44},"end":{"line":134,"column":65}},{"start":{"line":134,"column":69},"end":{"line":134,"column":79}}]},"19":{"loc":{"start":{"line":154,"column":8},"end":{"line":157,"column":9}},"type":"if","locations":[{"start":{"line":154,"column":8},"end":{"line":157,"column":9}}]},"20":{"loc":{"start":{"line":163,"column":12},"end":{"line":163,"column":90}},"type":"binary-expr","locations":[{"start":{"line":163,"column":12},"end":{"line":163,"column":38}},{"start":{"line":163,"column":42},"end":{"line":163,"column":90}}]},"21":{"loc":{"start":{"line":175,"column":27},"end":{"line":175,"column":87}},"type":"cond-expr","locations":[{"start":{"line":175,"column":54},"end":{"line":175,"column":69}},{"start":{"line":175,"column":72},"end":{"line":175,"column":87}}]},"22":{"loc":{"start":{"line":186,"column":10},"end":{"line":203,"column":11}},"type":"if","locations":[{"start":{"line":186,"column":10},"end":{"line":203,"column":11}}]},"23":{"loc":{"start":{"line":189,"column":33},"end":{"line":189,"column":113}},"type":"binary-expr","locations":[{"start":{"line":189,"column":33},"end":{"line":189,"column":69}},{"start":{"line":189,"column":73},"end":{"line":189,"column":113}}]},"24":{"loc":{"start":{"line":205,"column":29},"end":{"line":205,"column":110}},"type":"cond-expr","locations":[{"start":{"line":205,"column":63},"end":{"line":205,"column":85}},{"start":{"line":205,"column":88},"end":{"line":205,"column":110}}]},"25":{"loc":{"start":{"line":211,"column":29},"end":{"line":211,"column":83}},"type":"cond-expr","locations":[{"start":{"line":211,"column":54},"end":{"line":211,"column":67}},{"start":{"line":211,"column":70},"end":{"line":211,"column":83}}]},"26":{"loc":{"start":{"line":212,"column":27},"end":{"line":212,"column":75}},"type":"cond-expr","locations":[{"start":{"line":212,"column":52},"end":{"line":212,"column":63}},{"start":{"line":212,"column":66},"end":{"line":212,"column":75}}]}},"s":{"0":4,"1":4,"2":4,"3":4,"4":4,"5":4,"6":4,"7":4,"8":4,"9":4,"10":4,"11":4,"12":0,"13":0,"14":0,"15":0,"16":0,"17":0,"18":0,"19":0,"20":0,"21":0,"22":0,"23":0,"24":0,"25":0,"26":0,"27":0,"28":0,"29":0,"30":0,"31":0,"32":0,"33":0,"34":0,"35":0,"36":0,"37":0,"38":0,"39":0,"40":0,"41":0,"42":0,"43":0,"44":0,"45":0,"46":0,"47":0,"48":0,"49":0,"50":0,"51":0,"52":0,"53":0,"54":0,"55":0,"56":0,"57":0,"58":0,"59":0,"60":0,"61":0,"62":0,"63":0,"64":0,"65":0,"66":0,"67":0,"68":0,"69":0,"70":0,"71":0,"72":0,"73":4,"74":4},"f":{"0":4,"1":0,"2":0,"3":0,"4":0},"b":{"0":[0,0],"1":[0,0],"2":[0,0],"3":[0],"4":[0],"5":[0],"6":[0,0],"7":[0,0],"8":[0,0],"9":[0,0],"10":[0,0],"11":[0,0],"12":[0,0],"13":[0],"14":[0,0],"15":[0,0],"16":[0],"17":[0,0],"18":[0,0],"19":[0],"20":[0,0],"21":[0,0],"22":[0],"23":[0,0],"24":[0,0],"25":[0,0],"26":[0,0]}}
,"/Users/zeyneptugcetuzsuz/Desktop/instascope/apps/api/src/prisma/prisma.service.ts": {"path":"/Users/zeyneptugcetuzsuz/Desktop/instascope/apps/api/src/prisma/prisma.service.ts","statementMap":{"0":{"start":{"line":1,"column":0},"end":{"line":1,"column":75}},"1":{"start":{"line":2,"column":0},"end":{"line":2,"column":46}},"2":{"start":{"line":5,"column":7},"end":{"line":17,"column":null}},"3":{"start":{"line":7,"column":4},"end":{"line":7,"column":12}},"4":{"start":{"line":11,"column":4},"end":{"line":11,"column":26}},"5":{"start":{"line":15,"column":4},"end":{"line":15,"column":29}},"6":{"start":{"line":5,"column":13},"end":{"line":5,"column":26}},"7":{"start":{"line":5,"column":13},"end":{"line":17,"column":null}}},"fnMap":{"0":{"name":"(anonymous_2)","decl":{"start":{"line":6,"column":2},"end":{"line":6,"column":null}},"loc":{"start":{"line":6,"column":2},"end":{"line":8,"column":3}}},"1":{"name":"(anonymous_3)","decl":{"start":{"line":10,"column":2},"end":{"line":10,"column":7}},"loc":{"start":{"line":10,"column":20},"end":{"line":12,"column":3}}},"2":{"name":"(anonymous_4)","decl":{"start":{"line":14,"column":2},"end":{"line":14,"column":7}},"loc":{"start":{"line":14,"column":23},"end":{"line":16,"column":3}}}},"branchMap":{},"s":{"0":4,"1":4,"2":4,"3":4,"4":4,"5":4,"6":4,"7":4},"f":{"0":4,"1":4,"2":4},"b":{}}
,"/Users/zeyneptugcetuzsuz/Desktop/instascope/apps/api/src/sources/real-data-source.service.ts": {"path":"/Users/zeyneptugcetuzsuz/Desktop/instascope/apps/api/src/sources/real-data-source.service.ts","statementMap":{"0":{"start":{"line":1,"column":0},"end":{"line":1,"column":52}},"1":{"start":{"line":2,"column":0},"end":{"line":2,"column":26}},"2":{"start":{"line":6,"column":34},"end":{"line":150,"column":null}},"3":{"start":{"line":7,"column":19},"end":{"line":7,"column":67}},"4":{"start":{"line":11,"column":4},"end":{"line":23,"column":5}},"5":{"start":{"line":12,"column":6},"end":{"line":12,"column":46}},"6":{"start":{"line":14,"column":21},"end":{"line":14,"column":43}},"7":{"start":{"line":16,"column":6},"end":{"line":21,"column":7}},"8":{"start":{"line":17,"column":8},"end":{"line":17,"column":116}},"9":{"start":{"line":18,"column":8},"end":{"line":18,"column":67}},"10":{"start":{"line":18,"column":39},"end":{"line":18,"column":65}},"11":{"start":{"line":20,"column":8},"end":{"line":20,"column":72}},"12":{"start":{"line":22,"column":6},"end":{"line":22,"column":18}},"13":{"start":{"line":27,"column":41},"end":{"line":27,"column":47}},"14":{"start":{"line":28,"column":4},"end":{"line":30,"column":5}},"15":{"start":{"line":29,"column":6},"end":{"line":29,"column":74}},"16":{"start":{"line":32,"column":4},"end":{"line":50,"column":5}},"17":{"start":{"line":33,"column":23},"end":{"line":36,"column":8}},"18":{"start":{"line":38,"column":6},"end":{"line":42,"column":8}},"19":{"start":{"line":44,"column":28},"end":{"line":46,"column":23}},"20":{"start":{"line":48,"column":6},"end":{"line":48,"column":77}},"21":{"start":{"line":49,"column":6},"end":{"line":49,"column":68}},"22":{"start":{"line":54,"column":41},"end":{"line":54,"column":47}},"23":{"start":{"line":55,"column":4},"end":{"line":57,"column":5}},"24":{"start":{"line":56,"column":6},"end":{"line":56,"column":74}},"25":{"start":{"line":59,"column":4},"end":{"line":113,"column":5}},"26":{"start":{"line":60,"column":23},"end":{"line":63,"column":8}},"27":{"start":{"line":65,"column":20},"end":{"line":65,"column":22}},"28":{"start":{"line":66,"column":6},"end":{"line":99,"column":7}},"29":{"start":{"line":67,"column":20},"end":{"line":67,"column":21}},"30":{"start":{"line":68,"column":20},"end":{"line":68,"column":21}},"31":{"start":{"line":71,"column":8},"end":{"line":85,"column":9}},"32":{"start":{"line":72,"column":30},"end":{"line":75,"column":12}},"33":{"start":{"line":77,"column":10},"end":{"line":81,"column":11}},"34":{"start":{"line":78,"column":12},"end":{"line":80,"column":13}},"35":{"start":{"line":79,"column":14},"end":{"line":79,"column":82}},"36":{"start":{"line":79,"column":43},"end":{"line":79,"column":82}},"37":{"start":{"line":84,"column":10},"end":{"line":84,"column":83}},"38":{"start":{"line":87,"column":8},"end":{"line":98,"column":11}},"39":{"start":{"line":101,"column":6},"end":{"line":105,"column":8}},"40":{"start":{"line":107,"column":28},"end":{"line":109,"column":23}},"41":{"start":{"line":111,"column":6},"end":{"line":111,"column":73}},"42":{"start":{"line":112,"column":6},"end":{"line":112,"column":72}},"43":{"start":{"line":117,"column":39},"end":{"line":117,"column":45}},"44":{"start":{"line":118,"column":4},"end":{"line":120,"column":5}},"45":{"start":{"line":119,"column":6},"end":{"line":119,"column":60}},"46":{"start":{"line":122,"column":4},"end":{"line":148,"column":5}},"47":{"start":{"line":124,"column":23},"end":{"line":127,"column":8}},"48":{"start":{"line":129,"column":23},"end":{"line":134,"column":9}},"49":{"start":{"line":129,"column":65},"end":{"line":134,"column":8}},"50":{"start":{"line":136,"column":6},"end":{"line":140,"column":8}},"51":{"start":{"line":142,"column":28},"end":{"line":144,"column":23}},"52":{"start":{"line":146,"column":6},"end":{"line":146,"column":96}},"53":{"start":{"line":147,"column":6},"end":{"line":147,"column":64}},"54":{"start":{"line":6,"column":13},"end":{"line":6,"column":34}},"55":{"start":{"line":6,"column":13},"end":{"line":150,"column":null}}},"fnMap":{"0":{"name":"(anonymous_2)","decl":{"start":{"line":6,"column":7},"end":{"line":6,"column":13}},"loc":{"start":{"line":6,"column":7},"end":{"line":150,"column":1}}},"1":{"name":"(anonymous_3)","decl":{"start":{"line":10,"column":10},"end":{"line":10,"column":15}},"loc":{"start":{"line":10,"column":82},"end":{"line":24,"column":3}}},"2":{"name":"(anonymous_4)","decl":{"start":{"line":18,"column":26},"end":{"line":18,"column":27}},"loc":{"start":{"line":18,"column":39},"end":{"line":18,"column":65}}},"3":{"name":"(anonymous_5)","decl":{"start":{"line":26,"column":2},"end":{"line":26,"column":7}},"loc":{"start":{"line":26,"column":33},"end":{"line":51,"column":3}}},"4":{"name":"(anonymous_6)","decl":{"start":{"line":53,"column":2},"end":{"line":53,"column":7}},"loc":{"start":{"line":53,"column":31},"end":{"line":114,"column":3}}},"5":{"name":"(anonymous_7)","decl":{"start":{"line":116,"column":2},"end":{"line":116,"column":7}},"loc":{"start":{"line":116,"column":34},"end":{"line":149,"column":3}}},"6":{"name":"(anonymous_8)","decl":{"start":{"line":129,"column":46},"end":{"line":129,"column":47}},"loc":{"start":{"line":129,"column":65},"end":{"line":134,"column":8}}}},"branchMap":{"0":{"loc":{"start":{"line":10,"column":57},"end":{"line":10,"column":68}},"type":"default-arg","locations":[{"start":{"line":10,"column":67},"end":{"line":10,"column":68}}]},"1":{"loc":{"start":{"line":10,"column":70},"end":{"line":10,"column":82}},"type":"default-arg","locations":[{"start":{"line":10,"column":78},"end":{"line":10,"column":82}}]},"2":{"loc":{"start":{"line":14,"column":21},"end":{"line":14,"column":43}},"type":"cond-expr","locations":[{"start":{"line":14,"column":35},"end":{"line":14,"column":37}},{"start":{"line":14,"column":35},"end":{"line":14,"column":43}}]},"3":{"loc":{"start":{"line":14,"column":21},"end":{"line":14,"column":37}},"type":"binary-expr","locations":[{"start":{"line":14,"column":21},"end":{"line":14,"column":37}},{"start":{"line":14,"column":35},"end":{"line":14,"column":37}}]},"4":{"loc":{"start":{"line":16,"column":6},"end":{"line":21,"column":7}},"type":"if","locations":[{"start":{"line":16,"column":6},"end":{"line":21,"column":7}}]},"5":{"loc":{"start":{"line":16,"column":10},"end":{"line":16,"column":76}},"type":"binary-expr","locations":[{"start":{"line":16,"column":10},"end":{"line":16,"column":21}},{"start":{"line":16,"column":26},"end":{"line":16,"column":40}},{"start":{"line":16,"column":45},"end":{"line":16,"column":58}},{"start":{"line":16,"column":62},"end":{"line":16,"column":74}}]},"6":{"loc":{"start":{"line":28,"column":4},"end":{"line":30,"column":5}},"type":"if","locations":[{"start":{"line":28,"column":4},"end":{"line":30,"column":5}}]},"7":{"loc":{"start":{"line":44,"column":28},"end":{"line":46,"column":23}},"type":"cond-expr","locations":[{"start":{"line":45,"column":10},"end":{"line":45,"column":45}},{"start":{"line":46,"column":10},"end":{"line":46,"column":23}}]},"8":{"loc":{"start":{"line":44,"column":28},"end":{"line":44,"column":48}},"type":"cond-expr","locations":[{"start":{"line":44,"column":42},"end":{"line":44,"column":44}},{"start":{"line":44,"column":42},"end":{"line":44,"column":48}}]},"9":{"loc":{"start":{"line":44,"column":28},"end":{"line":44,"column":44}},"type":"binary-expr","locations":[{"start":{"line":44,"column":28},"end":{"line":44,"column":44}},{"start":{"line":44,"column":42},"end":{"line":44,"column":44}}]},"10":{"loc":{"start":{"line":55,"column":4},"end":{"line":57,"column":5}},"type":"if","locations":[{"start":{"line":55,"column":4},"end":{"line":57,"column":5}}]},"11":{"loc":{"start":{"line":77,"column":10},"end":{"line":81,"column":11}},"type":"if","locations":[{"start":{"line":77,"column":10},"end":{"line":81,"column":11}}]},"12":{"loc":{"start":{"line":77,"column":14},"end":{"line":77,"column":70}},"type":"binary-expr","locations":[{"start":{"line":77,"column":14},"end":{"line":77,"column":25}},{"start":{"line":77,"column":29},"end":{"line":77,"column":45}},{"start":{"line":77,"column":49},"end":{"line":77,"column":70}}]},"13":{"loc":{"start":{"line":79,"column":14},"end":{"line":79,"column":82}},"type":"if","locations":[{"start":{"line":79,"column":14},"end":{"line":79,"column":82}}]},"14":{"loc":{"start":{"line":79,"column":51},"end":{"line":79,"column":81}},"type":"binary-expr","locations":[{"start":{"line":79,"column":51},"end":{"line":79,"column":76}},{"start":{"line":79,"column":80},"end":{"line":79,"column":81}}]},"15":{"loc":{"start":{"line":79,"column":51},"end":{"line":79,"column":76}},"type":"cond-expr","locations":[{"start":{"line":79,"column":69},"end":{"line":79,"column":71}},{"start":{"line":79,"column":69},"end":{"line":79,"column":76}}]},"16":{"loc":{"start":{"line":79,"column":51},"end":{"line":79,"column":71}},"type":"binary-expr","locations":[{"start":{"line":79,"column":51},"end":{"line":79,"column":71}},{"start":{"line":79,"column":69},"end":{"line":79,"column":71}}]},"17":{"loc":{"start":{"line":79,"column":51},"end":{"line":79,"column":69}},"type":"cond-expr","locations":[{"start":{"line":79,"column":64},"end":{"line":79,"column":67}},{"start":{"line":79,"column":64},"end":{"line":79,"column":69}}]},"18":{"loc":{"start":{"line":79,"column":51},"end":{"line":79,"column":67}},"type":"binary-expr","locations":[{"start":{"line":79,"column":51},"end":{"line":79,"column":67}},{"start":{"line":79,"column":64},"end":{"line":79,"column":67}}]},"19":{"loc":{"start":{"line":89,"column":19},"end":{"line":89,"column":37}},"type":"binary-expr","locations":[{"start":{"line":89,"column":19},"end":{"line":89,"column":31}},{"start":{"line":89,"column":35},"end":{"line":89,"column":37}}]},"20":{"loc":{"start":{"line":94,"column":22},"end":{"line":94,"column":42}},"type":"binary-expr","locations":[{"start":{"line":94,"column":22},"end":{"line":94,"column":37}},{"start":{"line":94,"column":41},"end":{"line":94,"column":42}}]},"21":{"loc":{"start":{"line":95,"column":25},"end":{"line":95,"column":49}},"type":"binary-expr","locations":[{"start":{"line":95,"column":25},"end":{"line":95,"column":44}},{"start":{"line":95,"column":48},"end":{"line":95,"column":49}}]},"22":{"loc":{"start":{"line":107,"column":28},"end":{"line":109,"column":23}},"type":"cond-expr","locations":[{"start":{"line":108,"column":10},"end":{"line":108,"column":45}},{"start":{"line":109,"column":10},"end":{"line":109,"column":23}}]},"23":{"loc":{"start":{"line":107,"column":28},"end":{"line":107,"column":48}},"type":"cond-expr","locations":[{"start":{"line":107,"column":42},"end":{"line":107,"column":44}},{"start":{"line":107,"column":42},"end":{"line":107,"column":48}}]},"24":{"loc":{"start":{"line":107,"column":28},"end":{"line":107,"column":44}},"type":"binary-expr","locations":[{"start":{"line":107,"column":28},"end":{"line":107,"column":44}},{"start":{"line":107,"column":42},"end":{"line":107,"column":44}}]},"25":{"loc":{"start":{"line":118,"column":4},"end":{"line":120,"column":5}},"type":"if","locations":[{"start":{"line":118,"column":4},"end":{"line":120,"column":5}}]},"26":{"loc":{"start":{"line":118,"column":8},"end":{"line":118,"column":34}},"type":"binary-expr","locations":[{"start":{"line":118,"column":8},"end":{"line":118,"column":20}},{"start":{"line":118,"column":24},"end":{"line":118,"column":34}}]},"27":{"loc":{"start":{"line":131,"column":14},"end":{"line":131,"column":32}},"type":"binary-expr","locations":[{"start":{"line":131,"column":14},"end":{"line":131,"column":26}},{"start":{"line":131,"column":30},"end":{"line":131,"column":32}}]},"28":{"loc":{"start":{"line":132,"column":18},"end":{"line":132,"column":47}},"type":"binary-expr","locations":[{"start":{"line":132,"column":18},"end":{"line":132,"column":34}},{"start":{"line":132,"column":38},"end":{"line":132,"column":47}}]},"29":{"loc":{"start":{"line":142,"column":28},"end":{"line":144,"column":23}},"type":"cond-expr","locations":[{"start":{"line":143,"column":10},"end":{"line":143,"column":45}},{"start":{"line":144,"column":10},"end":{"line":144,"column":23}}]},"30":{"loc":{"start":{"line":142,"column":28},"end":{"line":142,"column":48}},"type":"cond-expr","locations":[{"start":{"line":142,"column":42},"end":{"line":142,"column":44}},{"start":{"line":142,"column":42},"end":{"line":142,"column":48}}]},"31":{"loc":{"start":{"line":142,"column":28},"end":{"line":142,"column":44}},"type":"binary-expr","locations":[{"start":{"line":142,"column":28},"end":{"line":142,"column":44}},{"start":{"line":142,"column":42},"end":{"line":142,"column":44}}]}},"s":{"0":4,"1":4,"2":4,"3":4,"4":0,"5":0,"6":0,"7":0,"8":0,"9":0,"10":0,"11":0,"12":0,"13":0,"14":0,"15":0,"16":0,"17":0,"18":0,"19":0,"20":0,"21":0,"22":0,"23":0,"24":0,"25":0,"26":0,"27":0,"28":0,"29":0,"30":0,"31":0,"32":0,"33":0,"34":0,"35":0,"36":0,"37":0,"38":0,"39":0,"40":0,"41":0,"42":0,"43":0,"44":0,"45":0,"46":0,"47":0,"48":0,"49":0,"50":0,"51":0,"52":0,"53":0,"54":4,"55":4},"f":{"0":4,"1":0,"2":0,"3":0,"4":0,"5":0,"6":0},"b":{"0":[0],"1":[0],"2":[0,0],"3":[0,0],"4":[0],"5":[0,0,0,0],"6":[0],"7":[0,0],"8":[0,0],"9":[0,0],"10":[0],"11":[0],"12":[0,0,0],"13":[0],"14":[0,0],"15":[0,0],"16":[0,0],"17":[0,0],"18":[0,0],"19":[0,0],"20":[0,0],"21":[0,0],"22":[0,0],"23":[0,0],"24":[0,0],"25":[0],"26":[0,0],"27":[0,0],"28":[0,0],"29":[0,0],"30":[0,0],"31":[0,0]}}
}
