{"total": {"lines":{"total":504,"covered":380,"skipped":0,"pct":75.39},"statements":{"total":552,"covered":420,"skipped":0,"pct":76.08},"functions":{"total":87,"covered":63,"skipped":0,"pct":72.41},"branches":{"total":283,"covered":139,"skipped":0,"pct":49.11},"branchesTrue":{"total":0,"covered":0,"skipped":0,"pct":100}}
,"/Users/zeyneptugcetuzsuz/Desktop/instascope/apps/api/src/app.controller.ts": {"lines":{"total":10,"covered":8,"skipped":0,"pct":80},"functions":{"total":4,"covered":2,"skipped":0,"pct":50},"statements":{"total":12,"covered":10,"skipped":0,"pct":83.33},"branches":{"total":0,"covered":0,"skipped":0,"pct":100}}
,"/Users/zeyneptugcetuzsuz/Desktop/instascope/apps/api/src/app.service.ts": {"lines":{"total":3,"covered":2,"skipped":0,"pct":66.66},"functions":{"total":1,"covered":0,"skipped":0,"pct":0},"statements":{"total":5,"covered":4,"skipped":0,"pct":80},"branches":{"total":0,"covered":0,"skipped":0,"pct":100}}
,"/Users/zeyneptugcetuzsuz/Desktop/instascope/apps/api/src/accounts/accounts.controller.ts": {"lines":{"total":40,"covered":34,"skipped":0,"pct":85},"functions":{"total":12,"covered":6,"skipped":0,"pct":50},"statements":{"total":42,"covered":36,"skipped":0,"pct":85.71},"branches":{"total":22,"covered":9,"skipped":0,"pct":40.9}}
,"/Users/zeyneptugcetuzsuz/Desktop/instascope/apps/api/src/accounts/accounts.service.ts": {"lines":{"total":116,"covered":70,"skipped":0,"pct":60.34},"functions":{"total":21,"covered":12,"skipped":0,"pct":57.14},"statements":{"total":123,"covered":74,"skipped":0,"pct":60.16},"branches":{"total":87,"covered":25,"skipped":0,"pct":28.73}}
,"/Users/zeyneptugcetuzsuz/Desktop/instascope/apps/api/src/auth/auth.controller.ts": {"lines":{"total":33,"covered":29,"skipped":0,"pct":87.87},"functions":{"total":7,"covered":6,"skipped":0,"pct":85.71},"statements":{"total":35,"covered":31,"skipped":0,"pct":88.57},"branches":{"total":14,"covered":11,"skipped":0,"pct":78.57}}
,"/Users/zeyneptugcetuzsuz/Desktop/instascope/apps/api/src/auth/auth.service.ts": {"lines":{"total":51,"covered":45,"skipped":0,"pct":88.23},"functions":{"total":9,"covered":8,"skipped":0,"pct":88.88},"statements":{"total":58,"covered":48,"skipped":0,"pct":82.75},"branches":{"total":11,"covered":3,"skipped":0,"pct":27.27}}
,"/Users/zeyneptugcetuzsuz/Desktop/instascope/apps/api/src/auth/decorators/roles.decorator.ts": {"lines":{"total":3,"covered":3,"skipped":0,"pct":100},"functions":{"total":1,"covered":1,"skipped":0,"pct":100},"statements":{"total":5,"covered":5,"skipped":0,"pct":100},"branches":{"total":0,"covered":0,"skipped":0,"pct":100}}
,"/Users/zeyneptugcetuzsuz/Desktop/instascope/apps/api/src/auth/guards/jwt-auth.guard.ts": {"lines":{"total":4,"covered":4,"skipped":0,"pct":100},"functions":{"total":1,"covered":1,"skipped":0,"pct":100},"statements":{"total":6,"covered":6,"skipped":0,"pct":100},"branches":{"total":0,"covered":0,"skipped":0,"pct":100}}
,"/Users/zeyneptugcetuzsuz/Desktop/instascope/apps/api/src/auth/guards/roles.guard.ts": {"lines":{"total":11,"covered":11,"skipped":0,"pct":100},"functions":{"total":2,"covered":2,"skipped":0,"pct":100},"statements":{"total":13,"covered":13,"skipped":0,"pct":100},"branches":{"total":3,"covered":3,"skipped":0,"pct":100}}
,"/Users/zeyneptugcetuzsuz/Desktop/instascope/apps/api/src/auth/strategies/jwt.strategy.ts": {"lines":{"total":16,"covered":14,"skipped":0,"pct":87.5},"functions":{"total":3,"covered":3,"skipped":0,"pct":100},"statements":{"total":18,"covered":16,"skipped":0,"pct":88.88},"branches":{"total":12,"covered":8,"skipped":0,"pct":66.66}}
,"/Users/zeyneptugcetuzsuz/Desktop/instascope/apps/api/src/cache/cache.service.ts": {"lines":{"total":20,"covered":20,"skipped":0,"pct":100},"functions":{"total":5,"covered":5,"skipped":0,"pct":100},"statements":{"total":23,"covered":23,"skipped":0,"pct":100},"branches":{"total":2,"covered":2,"skipped":0,"pct":100}}
,"/Users/zeyneptugcetuzsuz/Desktop/instascope/apps/api/src/collector/collector.processor.ts": {"lines":{"total":87,"covered":63,"skipped":0,"pct":72.41},"functions":{"total":5,"covered":4,"skipped":0,"pct":80},"statements":{"total":90,"covered":66,"skipped":0,"pct":73.33},"branches":{"total":63,"covered":30,"skipped":0,"pct":47.61}}
,"/Users/zeyneptugcetuzsuz/Desktop/instascope/apps/api/src/common/audit/audit.service.ts": {"lines":{"total":7,"covered":6,"skipped":0,"pct":85.71},"functions":{"total":2,"covered":2,"skipped":0,"pct":100},"statements":{"total":9,"covered":8,"skipped":0,"pct":88.88},"branches":{"total":4,"covered":2,"skipped":0,"pct":50}}
,"/Users/zeyneptugcetuzsuz/Desktop/instascope/apps/api/src/common/encryption/token-encryption.service.ts": {"lines":{"total":41,"covered":12,"skipped":0,"pct":29.26},"functions":{"total":3,"covered":1,"skipped":0,"pct":33.33},"statements":{"total":43,"covered":14,"skipped":0,"pct":32.55},"branches":{"total":3,"covered":0,"skipped":0,"pct":0}}
,"/Users/zeyneptugcetuzsuz/Desktop/instascope/apps/api/src/common/utils/pseudonym.util.ts": {"lines":{"total":5,"covered":2,"skipped":0,"pct":40},"functions":{"total":1,"covered":0,"skipped":0,"pct":0},"statements":{"total":6,"covered":2,"skipped":0,"pct":33.33},"branches":{"total":3,"covered":0,"skipped":0,"pct":0}}
,"/Users/zeyneptugcetuzsuz/Desktop/instascope/apps/api/src/prisma/prisma.service.ts": {"lines":{"total":6,"covered":6,"skipped":0,"pct":100},"functions":{"total":3,"covered":3,"skipped":0,"pct":100},"statements":{"total":8,"covered":8,"skipped":0,"pct":100},"branches":{"total":0,"covered":0,"skipped":0,"pct":100}}
,"/Users/zeyneptugcetuzsuz/Desktop/instascope/apps/api/src/sources/real-data-source.service.ts": {"lines":{"total":51,"covered":51,"skipped":0,"pct":100},"functions":{"total":7,"covered":7,"skipped":0,"pct":100},"statements":{"total":56,"covered":56,"skipped":0,"pct":100},"branches":{"total":59,"covered":46,"skipped":0,"pct":77.96}}
}
