TN:
SF:src/app.controller.ts
FN:6,(anonymous_2)
FN:9,(anonymous_3)
FN:15,(anonymous_4)
FN:23,(anonymous_5)
FNF:4
FNH:2
FNDA:4,(anonymous_2)
FNDA:0,(anonymous_3)
FNDA:0,(anonymous_4)
FNDA:1,(anonymous_5)
DA:1,4
DA:2,4
DA:5,4
DA:6,4
DA:9,4
DA:10,0
DA:15,4
DA:16,0
DA:23,4
DA:24,1
LF:10
LH:8
BRF:0
BRH:0
end_of_record
TN:
SF:src/app.service.ts
FN:5,(anonymous_1)
FNF:1
FNH:0
FNDA:0,(anonymous_1)
DA:1,4
DA:4,4
DA:6,0
LF:3
LH:2
BRF:0
BRH:0
end_of_record
TN:
SF:src/accounts/accounts.controller.ts
FN:29,(anonymous_4)
FN:33,(anonymous_5)
FN:41,(anonymous_6)
FN:47,(anonymous_7)
FN:53,(anonymous_8)
FN:59,(anonymous_9)
FN:67,(anonymous_10)
FN:79,(anonymous_11)
FN:88,(anonymous_12)
FN:96,(anonymous_13)
FN:101,(anonymous_14)
FNF:11
FNH:6
FNDA:4,(anonymous_4)
FNDA:1,(anonymous_5)
FNDA:1,(anonymous_6)
FNDA:0,(anonymous_7)
FNDA:0,(anonymous_8)
FNDA:0,(anonymous_9)
FNDA:1,(anonymous_10)
FNDA:3,(anonymous_11)
FNDA:0,(anonymous_12)
FNDA:1,(anonymous_13)
FNDA:0,(anonymous_14)
DA:1,4
DA:13,4
DA:14,4
DA:15,4
DA:16,4
DA:17,4
DA:18,4
DA:19,4
DA:20,4
DA:21,4
DA:28,4
DA:29,4
DA:33,4
DA:34,1
DA:41,4
DA:42,1
DA:47,4
DA:48,0
DA:53,4
DA:54,0
DA:59,4
DA:60,0
DA:67,4
DA:71,1
DA:79,4
DA:80,3
DA:88,4
DA:89,0
DA:96,4
DA:97,1
DA:101,4
DA:102,0
LF:32
LH:27
BRF:0
BRH:0
end_of_record
TN:
SF:src/accounts/accounts.service.ts
FN:32,(anonymous_4)
FN:38,(anonymous_5)
FN:62,(anonymous_6)
FN:66,(anonymous_7)
FN:76,(anonymous_8)
FN:86,(anonymous_9)
FN:136,(anonymous_10)
FN:145,(anonymous_11)
FN:167,(anonymous_12)
FN:245,(anonymous_13)
FN:257,(anonymous_14)
FN:257,(anonymous_15)
FN:262,(anonymous_16)
FN:296,(anonymous_17)
FN:312,(anonymous_18)
FN:335,(anonymous_19)
FN:354,(anonymous_20)
FN:356,(anonymous_21)
FN:363,(anonymous_22)
FNF:19
FNH:12
FNDA:4,(anonymous_4)
FNDA:1,(anonymous_5)
FNDA:1,(anonymous_6)
FNDA:5,(anonymous_7)
FNDA:0,(anonymous_8)
FNDA:0,(anonymous_9)
FNDA:1,(anonymous_10)
FNDA:12,(anonymous_11)
FNDA:1,(anonymous_12)
FNDA:3,(anonymous_13)
FNDA:2,(anonymous_14)
FNDA:3,(anonymous_15)
FNDA:0,(anonymous_16)
FNDA:2,(anonymous_17)
FNDA:6,(anonymous_18)
FNDA:0,(anonymous_19)
FNDA:0,(anonymous_20)
FNDA:0,(anonymous_21)
FNDA:0,(anonymous_22)
DA:1,4
DA:2,4
DA:3,4
DA:4,4
DA:5,4
DA:10,4
DA:17,4
DA:25,4
DA:31,4
DA:33,4
DA:34,4
DA:35,4
DA:39,1
DA:48,1
DA:59,1
DA:63,1
DA:67,5
DA:70,5
DA:71,0
DA:73,5
DA:77,0
DA:79,0
DA:87,0
DA:89,0
DA:91,0
DA:94,0
DA:99,0
DA:100,0
DA:101,0
DA:103,0
DA:106,0
DA:121,0
DA:122,0
DA:123,0
DA:124,0
DA:127,0
DA:137,1
DA:140,1
DA:142,1
DA:143,1
DA:144,1
DA:145,12
DA:147,1
DA:148,0
DA:151,0
DA:154,1
DA:155,1
DA:157,0
DA:161,0
DA:163,0
DA:171,1
DA:174,1
DA:175,1
DA:176,1
DA:177,0
DA:178,0
DA:180,1
DA:182,1
DA:183,1
DA:184,1
DA:187,1
DA:210,1
DA:211,1
DA:212,1
DA:214,1
DA:218,1
DA:220,1
DA:239,1
DA:241,1
DA:248,3
DA:250,3
DA:256,3
DA:257,3
DA:261,3
DA:262,1
DA:275,2
DA:283,2
DA:288,2
DA:289,2
DA:290,3
DA:291,3
DA:292,2
DA:296,2
DA:297,2
DA:303,2
DA:304,2
DA:305,3
DA:306,3
DA:307,2
DA:308,2
DA:312,6
DA:320,2
DA:336,0
DA:338,0
DA:346,0
DA:347,0
DA:350,0
DA:351,0
DA:354,0
DA:356,0
DA:364,0
DA:366,0
DA:376,0
DA:377,0
DA:380,0
LF:105
LH:68
BRDA:43,0,0,0
BRDA:43,0,1,1
BRDA:53,1,0,1
BRDA:53,1,1,0
BRDA:70,2,0,0
BRDA:89,3,0,0
BRDA:89,4,0,0
BRDA:89,5,0,0
BRDA:96,6,0,0
BRDA:96,6,1,0
BRDA:100,7,0,0
BRDA:100,7,1,0
BRDA:109,8,0,0
BRDA:109,8,1,0
BRDA:122,9,0,0
BRDA:124,10,0,0
BRDA:124,10,1,0
BRDA:124,11,0,0
BRDA:124,11,1,0
BRDA:124,12,0,0
BRDA:124,12,1,0
BRDA:124,13,0,0
BRDA:124,13,1,0
BRDA:147,14,0,0
BRDA:157,15,0,0
BRDA:158,16,0,0
BRDA:158,16,1,0
BRDA:169,17,0,0
BRDA:176,18,0,0
BRDA:210,19,0,0
BRDA:210,19,1,1
BRDA:210,20,0,1
BRDA:210,20,1,1
BRDA:210,21,0,1
BRDA:210,21,1,0
BRDA:210,22,0,1
BRDA:210,22,1,0
BRDA:211,23,0,0
BRDA:211,23,1,1
BRDA:211,24,0,1
BRDA:211,24,1,1
BRDA:211,25,0,1
BRDA:211,25,1,0
BRDA:211,26,0,1
BRDA:211,26,1,0
BRDA:214,27,0,0
BRDA:214,27,1,1
BRDA:230,28,0,0
BRDA:230,28,1,1
BRDA:230,29,0,1
BRDA:230,29,1,0
BRDA:261,30,0,1
BRDA:291,31,0,2
BRDA:291,32,0,3
BRDA:291,32,1,3
BRDA:291,33,0,0
BRDA:291,33,1,3
BRDA:291,34,0,3
BRDA:291,34,1,3
BRDA:306,35,0,2
BRDA:315,36,0,6
BRDA:315,36,1,0
BRDA:346,37,0,0
BRDA:346,38,0,0
BRDA:346,38,1,0
BRDA:351,39,0,0
BRDA:351,39,1,0
BRDA:354,40,0,0
BRDA:354,40,1,0
BRDA:357,41,0,0
BRDA:357,41,1,0
BRDA:357,41,2,0
BRDA:358,42,0,0
BRDA:358,42,1,0
BRDA:359,43,0,0
BRDA:359,43,1,0
BRDA:359,44,0,0
BRDA:359,44,1,0
BRDA:376,45,0,0
BRDA:376,46,0,0
BRDA:376,46,1,0
BRF:81
BRH:24
end_of_record
TN:
SF:src/auth/auth.controller.ts
FN:27,(anonymous_4)
FN:32,(anonymous_5)
FN:52,(anonymous_6)
FN:71,(anonymous_7)
FN:80,(anonymous_8)
FN:94,(anonymous_9)
FN:107,(anonymous_10)
FNF:7
FNH:6
FNDA:4,(anonymous_4)
FNDA:1,(anonymous_5)
FNDA:3,(anonymous_6)
FNDA:1,(anonymous_7)
FNDA:0,(anonymous_8)
FNDA:1,(anonymous_9)
FNDA:5,(anonymous_10)
DA:1,4
DA:13,4
DA:14,4
DA:15,4
DA:16,4
DA:17,4
DA:26,4
DA:27,4
DA:32,4
DA:37,1
DA:38,1
DA:44,1
DA:46,1
DA:52,4
DA:57,3
DA:62,3
DA:64,3
DA:71,4
DA:72,1
DA:73,1
DA:80,4
DA:84,0
DA:86,0
DA:87,0
DA:88,0
DA:94,4
DA:99,1
DA:101,1
DA:103,1
DA:104,1
DA:114,5
DA:116,5
DA:123,5
LF:33
LH:29
BRDA:37,0,0,1
BRDA:37,0,1,1
BRDA:99,1,0,1
BRDA:99,1,1,1
BRDA:99,2,0,0
BRDA:99,2,1,1
BRDA:99,3,0,1
BRDA:99,3,1,1
BRDA:114,4,0,5
BRDA:114,4,1,5
BRDA:119,5,0,0
BRDA:119,5,1,5
BRDA:126,6,0,0
BRDA:126,6,1,5
BRF:14
BRH:11
end_of_record
TN:
SF:src/auth/auth.service.ts
FN:27,(anonymous_11)
FN:16,(anonymous_12)
FN:29,(anonymous_13)
FN:64,(anonymous_14)
FN:83,(anonymous_15)
FN:96,(anonymous_16)
FN:135,(anonymous_17)
FN:139,(anonymous_18)
FN:143,(anonymous_19)
FNF:9
FNH:8
FNDA:4,(anonymous_11)
FNDA:4,(anonymous_12)
FNDA:1,(anonymous_13)
FNDA:3,(anonymous_14)
FNDA:1,(anonymous_15)
FNDA:1,(anonymous_16)
FNDA:0,(anonymous_17)
FNDA:6,(anonymous_18)
FNDA:5,(anonymous_19)
DA:1,4
DA:7,4
DA:8,4
DA:9,4
DA:10,4
DA:13,4
DA:16,4
DA:17,4
DA:18,4
DA:19,0
DA:21,4
DA:27,4
DA:30,1
DA:41,1
DA:42,1
DA:49,0
DA:50,0
DA:52,0
DA:55,1
DA:56,1
DA:58,1
DA:65,3
DA:66,3
DA:68,3
DA:72,3
DA:74,3
DA:75,3
DA:77,3
DA:84,1
DA:88,1
DA:89,1
DA:97,1
DA:102,1
DA:104,1
DA:108,1
DA:110,1
DA:113,0
DA:116,0
DA:119,1
DA:120,0
DA:123,1
DA:128,1
DA:136,0
DA:140,6
DA:144,5
DA:151,5
DA:152,5
DA:154,5
DA:155,5
DA:157,5
DA:166,5
LF:51
LH:43
BRDA:18,0,0,0
BRDA:49,1,0,0
BRDA:59,2,0,1
BRDA:59,2,1,0
BRDA:66,3,0,0
BRDA:72,4,0,0
BRDA:88,5,0,0
BRDA:97,6,0,0
BRDA:108,7,0,0
BRDA:110,8,0,0
BRDA:119,9,0,0
BRF:11
BRH:1
end_of_record
TN:
SF:src/auth/decorators/roles.decorator.ts
FN:4,(anonymous_0)
FNF:1
FNH:1
FNDA:8,(anonymous_0)
DA:1,4
DA:3,4
DA:4,8
LF:3
LH:3
BRF:0
BRH:0
end_of_record
TN:
SF:src/auth/guards/jwt-auth.guard.ts
FN:6,(anonymous_1)
FNF:1
FNH:1
FNDA:9,(anonymous_1)
DA:1,4
DA:2,4
DA:5,4
DA:7,9
LF:4
LH:4
BRF:0
BRH:0
end_of_record
TN:
SF:src/auth/guards/roles.guard.ts
FN:7,(anonymous_2)
FN:9,(anonymous_3)
FNF:2
FNH:2
FNDA:8,(anonymous_2)
FNDA:7,(anonymous_3)
DA:1,4
DA:2,4
DA:3,4
DA:6,4
DA:7,8
DA:10,7
DA:14,7
DA:15,5
DA:18,2
DA:19,2
DA:21,2
LF:11
LH:11
BRDA:14,0,0,5
BRDA:21,1,0,2
BRDA:21,1,1,2
BRF:3
BRH:3
end_of_record
TN:
SF:src/auth/strategies/jwt.strategy.ts
FN:9,(anonymous_2)
FN:15,(anonymous_3)
FN:36,(anonymous_4)
FNF:3
FNH:3
FNDA:9,(anonymous_2)
FNDA:4,(anonymous_3)
FNDA:8,(anonymous_4)
DA:1,4
DA:2,4
DA:3,4
DA:5,4
DA:9,4
DA:10,9
DA:14,4
DA:15,4
DA:16,4
DA:17,4
DA:20,0
DA:25,4
DA:37,8
DA:42,8
DA:43,0
DA:50,8
LF:16
LH:14
BRDA:10,0,0,9
BRDA:10,0,1,1
BRDA:10,1,0,0
BRDA:10,1,1,9
BRDA:10,2,0,9
BRDA:10,2,1,9
BRDA:10,3,0,0
BRDA:10,3,1,9
BRDA:10,4,0,9
BRDA:10,4,1,9
BRDA:17,5,0,0
BRDA:42,6,0,0
BRF:12
BRH:8
end_of_record
TN:
SF:src/cache/cache.service.ts
FN:9,(anonymous_5)
FN:11,(anonymous_6)
FN:23,(anonymous_7)
FN:27,(anonymous_8)
FN:32,(anonymous_9)
FNF:5
FNH:5
FNDA:4,(anonymous_5)
FNDA:1,(anonymous_6)
FNDA:1,(anonymous_7)
FNDA:1,(anonymous_8)
FNDA:1,(anonymous_9)
DA:1,4
DA:2,4
DA:5,4
DA:6,4
DA:7,4
DA:9,4
DA:12,1
DA:13,1
DA:14,0
DA:15,0
DA:16,0
DA:18,1
DA:19,1
DA:20,1
DA:24,1
DA:28,1
DA:29,1
DA:33,1
DA:34,1
DA:35,1
LF:20
LH:17
BRDA:13,0,0,0
BRDA:29,1,0,1
BRF:2
BRH:1
end_of_record
TN:
SF:src/collector/collector.processor.ts
FN:14,(anonymous_2)
FN:22,(anonymous_3)
FN:23,(anonymous_4)
FN:26,(anonymous_5)
FN:196,(anonymous_6)
FNF:5
FNH:1
FNDA:4,(anonymous_2)
FNDA:0,(anonymous_3)
FNDA:0,(anonymous_4)
FNDA:0,(anonymous_5)
FNDA:0,(anonymous_6)
DA:1,4
DA:3,4
DA:4,4
DA:5,4
DA:6,4
DA:7,4
DA:11,4
DA:12,4
DA:15,4
DA:16,4
DA:17,4
DA:19,4
DA:23,0
DA:27,0
DA:29,0
DA:31,0
DA:37,0
DA:38,0
DA:39,0
DA:42,0
DA:43,0
DA:51,0
DA:52,0
DA:53,0
DA:54,0
DA:58,0
DA:61,0
DA:63,0
DA:69,0
DA:70,0
DA:71,0
DA:73,0
DA:74,0
DA:88,0
DA:89,0
DA:90,0
DA:91,0
DA:92,0
DA:94,0
DA:113,0
DA:118,0
DA:119,0
DA:120,0
DA:128,0
DA:129,0
DA:143,0
DA:154,0
DA:155,0
DA:156,0
DA:160,0
DA:161,0
DA:162,0
DA:173,0
DA:175,0
DA:176,0
DA:180,0
DA:181,0
DA:186,0
DA:187,0
DA:189,0
DA:191,0
DA:196,0
DA:202,0
DA:205,0
DA:206,0
DA:209,0
DA:211,0
DA:212,0
DA:214,0
DA:216,0
DA:227,0
DA:228,0
LF:72
LH:12
BRDA:29,0,0,0
BRDA:29,0,1,0
BRDA:29,1,0,0
BRDA:29,1,1,0
BRDA:31,2,0,0
BRDA:31,2,1,0
BRDA:37,3,0,0
BRDA:52,4,0,0
BRDA:70,5,0,0
BRDA:70,6,0,0
BRDA:70,6,1,0
BRDA:82,7,0,0
BRDA:82,7,1,0
BRDA:83,8,0,0
BRDA:83,8,1,0
BRDA:88,9,0,0
BRDA:88,9,1,0
BRDA:89,10,0,0
BRDA:89,10,1,0
BRDA:90,11,0,0
BRDA:90,11,1,0
BRDA:91,12,0,0
BRDA:91,12,1,0
BRDA:118,13,0,0
BRDA:118,14,0,0
BRDA:118,14,1,0
BRDA:124,15,0,0
BRDA:124,15,1,0
BRDA:128,16,0,0
BRDA:132,17,0,0
BRDA:132,17,1,0
BRDA:134,18,0,0
BRDA:134,18,1,0
BRDA:154,19,0,0
BRDA:163,20,0,0
BRDA:163,20,1,0
BRDA:175,21,0,0
BRDA:175,21,1,0
BRDA:186,22,0,0
BRDA:189,23,0,0
BRDA:189,23,1,0
BRDA:205,24,0,0
BRDA:205,24,1,0
BRDA:211,25,0,0
BRDA:211,25,1,0
BRDA:212,26,0,0
BRDA:212,26,1,0
BRF:47
BRH:0
end_of_record
TN:
SF:src/prisma/prisma.service.ts
FN:6,(anonymous_2)
FN:10,(anonymous_3)
FN:14,(anonymous_4)
FNF:3
FNH:3
FNDA:4,(anonymous_2)
FNDA:4,(anonymous_3)
FNDA:4,(anonymous_4)
DA:1,4
DA:2,4
DA:5,4
DA:7,4
DA:11,4
DA:15,4
LF:6
LH:6
BRF:0
BRH:0
end_of_record
TN:
SF:src/sources/real-data-source.service.ts
FN:6,(anonymous_2)
FN:10,(anonymous_3)
FN:18,(anonymous_4)
FN:26,(anonymous_5)
FN:53,(anonymous_6)
FN:116,(anonymous_7)
FN:129,(anonymous_8)
FNF:7
FNH:1
FNDA:4,(anonymous_2)
FNDA:0,(anonymous_3)
FNDA:0,(anonymous_4)
FNDA:0,(anonymous_5)
FNDA:0,(anonymous_6)
FNDA:0,(anonymous_7)
FNDA:0,(anonymous_8)
DA:1,4
DA:2,4
DA:6,4
DA:7,4
DA:11,0
DA:12,0
DA:14,0
DA:16,0
DA:17,0
DA:18,0
DA:20,0
DA:22,0
DA:27,0
DA:28,0
DA:29,0
DA:32,0
DA:33,0
DA:38,0
DA:44,0
DA:48,0
DA:49,0
DA:54,0
DA:55,0
DA:56,0
DA:59,0
DA:60,0
DA:65,0
DA:66,0
DA:67,0
DA:68,0
DA:71,0
DA:72,0
DA:77,0
DA:78,0
DA:79,0
DA:84,0
DA:87,0
DA:101,0
DA:107,0
DA:111,0
DA:112,0
DA:117,0
DA:118,0
DA:119,0
DA:122,0
DA:124,0
DA:129,0
DA:136,0
DA:142,0
DA:146,0
DA:147,0
LF:51
LH:4
BRDA:10,0,0,0
BRDA:10,1,0,0
BRDA:14,2,0,0
BRDA:14,2,1,0
BRDA:14,3,0,0
BRDA:14,3,1,0
BRDA:16,4,0,0
BRDA:16,5,0,0
BRDA:16,5,1,0
BRDA:16,5,2,0
BRDA:16,5,3,0
BRDA:28,6,0,0
BRDA:44,7,0,0
BRDA:44,7,1,0
BRDA:44,8,0,0
BRDA:44,8,1,0
BRDA:44,9,0,0
BRDA:44,9,1,0
BRDA:55,10,0,0
BRDA:77,11,0,0
BRDA:77,12,0,0
BRDA:77,12,1,0
BRDA:77,12,2,0
BRDA:79,13,0,0
BRDA:79,14,0,0
BRDA:79,14,1,0
BRDA:79,15,0,0
BRDA:79,15,1,0
BRDA:79,16,0,0
BRDA:79,16,1,0
BRDA:79,17,0,0
BRDA:79,17,1,0
BRDA:79,18,0,0
BRDA:79,18,1,0
BRDA:89,19,0,0
BRDA:89,19,1,0
BRDA:94,20,0,0
BRDA:94,20,1,0
BRDA:95,21,0,0
BRDA:95,21,1,0
BRDA:107,22,0,0
BRDA:107,22,1,0
BRDA:107,23,0,0
BRDA:107,23,1,0
BRDA:107,24,0,0
BRDA:107,24,1,0
BRDA:118,25,0,0
BRDA:118,26,0,0
BRDA:118,26,1,0
BRDA:131,27,0,0
BRDA:131,27,1,0
BRDA:132,28,0,0
BRDA:132,28,1,0
BRDA:142,29,0,0
BRDA:142,29,1,0
BRDA:142,30,0,0
BRDA:142,30,1,0
BRDA:142,31,0,0
BRDA:142,31,1,0
BRF:59
BRH:0
end_of_record
